1035082218
1035081888
1035082178
1035082160
1035081881
1035082185
1035082192
1035086606
1035098814
1035081899
1035081867
1035138900
1035090336
1035138833
1034865611
1035081998
1035081822
1033938000
1035090414
1035081958
1035086893
1035082144
1035082169
1035082101
1035166153
1035102567
1035090417
1035081876
1035090415
1035082093
1035090333
1035138858
1035138843
1035102559
1033937746
1035090410
1033874920
1033937580
1035090331
1035081946
1035090408
1035081860
1035138809
1035098831
1035138963
1035138824
1032964813
1034001912
1033937450
1035078025
1033936938
1033837247
1033893536
1035078135
1035232187
1035086783
1035138853
1035223642
1033850019
1034719310
1034682945
1035417510
1034719428
1033937043
1035540336
1035540335
1034612255
1034613260
1035078138
1035078121
1035078020
1035063579
1033600387
1034612261
1034719412
1035555394
1035200474
1035416339
1033894474
1035539752
1034719330
1034717144
1034698826
1034698653
1033819700
1034708902
1034110802
1031882016
1035417344
1033840054
1035086862
1034719452
1034719100
1034709213
1034719219
1033710735
1032948102
1035200261
1034698690
1034865918
1033875184
1034698699
1035479151
1034710883
1033973953
1034719369
1035086139
1034613294
1035529072
1034708888
1035417380
1034683052
1034122155
1034719138
1033912049
1034003921
1032895468
1034027523
1034003905
1034001928
1034003870
1033999528
1035572092
1034665888
1034155121
1033709531
1034025605
1034155123
1035479443
1034013780
1034155128
1035558797
1035417116
1035571968
1034013772
1035417851
1034717237
1035479529
1034281388
1035555390
1033130949
1032892278
1035534238
1035560719
1034698694
1034719294
1033176973
1033176968
1033176846
1035417815
1033437570
1033816275
1033177511
1035476783
1033177558
1033177477
1034533680
1034532869
1034533300
1035417816
1035416981
1035556076
1035476091
1033817737
1034533644
1033998255
1034665890
1035416939
1034710517
1033993953
1035417698
1033144066
1034719509
1032837690
1035416244
1035535992
1035477008
1033968783
1034708949
1034698824
1035526312
1033997342
1035556060
1033646860
1033646908
1033646656
1034333513
1034000793
1035417173
1033143306
1033989378
1033156572
1035417789
1035416130
1034719242
1034698696
1033437960
1033156447
1035572074
1034709154
1035564447
1035526360
1033156016
1034122081
1035526343
1035572075
1034502310
1035526358
1035417207
1034613882
1035572073
1034532483
1035476842
1034243681
1034013646
1035476844
1035476540
1033179220
1034709033
1034027534
1035523857
1035476845
1034334422
1033646720
1034373739
1035574676
1035476815
1033646601
1034698674
1033146184
1033709496
1034533704
1033146072
1033147829
1035540395
1035564435
1033646671
1034614262
1033646766
1031689777
1033646808
1031690150
1035525953
1035525952
1033646488
1035526128
1035555401
1035525958
1033128056
1035416144
1033126854
1033147905
1033148189
1033148141
1033646534
1033147933
1035555385
1034719447
1033147809
1033126796
1033148161
1033360410
1033359953
1033148495
1033126632
1033148424
1033127655
1035529064
1033148369
1033179099
1033646507
1035416310
1035565040
1033361463
1033143637
1031647131
1033143533
1035417310
1034335776
1034578065
1033152128
1033152277
1033152300
1033646783
1033152147
1034698728
1035540442
1033152181
1033152228
1034709156
1033180359
1034333050
1035564167
1034025682
1033152328
1035417298
1034710910
1035560713
1035479404
1035479375
1033645930
1034698707
1033645952
1035417241
1033146008
1034682880
1035477014
1033645918
1032840059
1034642432
1035477069
1034698975
1034680094
1035477042
1034682874
1033710771
1034682884
1034682877
1034532534
1034682867
1035418383
1034532569
1034679918
1035479019
1034708927
1035416181
1035479025
1034532238
1034666032
1034717259
1033030249
1035555561
1034666012
1033029871
1034532278
1035555562
1034531887
1035555559
1034532243
1033031150
1034122408
1034531822
1035417668
1034027082
1035417669
1033018083
1032838382
1035555408
1035556132
1034095116
1034014951
1035556131
1034666003
1034533570
1034717037
1033143209
1034104769
1033142955
1035418091
1035418095
1035476748
1035477005
1035555410
1034666038
1035477004
1034087142
1034665988
1035418093
1034087208
1035417857
1035479049
1033019916
1035417546
1033143036
1035479048
1033143101
1035526170
1035479051
1035418462
1035417853
1035529073
1034335274
1035555411
1035531135
1034013087
1035536433
1034332164
1034012908
1035536449
1034012967
1035415933
1034698692
1035478910
1034698807
1034717086
1032840867
1033030072
1035540399
1035536435
1033990292
1034680186
1035540411
1035476751
1034664452
1034613731
1035418084
1035536441
1035558823
1035574607
1035418082
1035418086
1034337284
1035418087
1034012855
1035415938
1034012824
1034082597
1033646270
1035529087
1034532139
1035529086
1034531947
1034362091
1034076031
1032948946
1035416674
1034374667
1035528985
1035086422
1035479020
1034374406
1035416575
1035478974
1035417829
1035478975
1035530980
1035559419
1033358606
1034664488
1035540415
1033156879
1035559823
1035559825
1034104857
1033432956
1033183407
1033358354
1034362017
1035530838
1034000160
1033178230
1035531037
1031926348
1034333102
1034281121
1033125997
1035531035
1032838951
1034680363
1034337371
1032838891
1034680366
1032838913
1035531031
1034351132
1034682890
1032838159
1034108671
1034680368
1034698703
1034719252
1034719250
1034360659
1034709102
1035572013
1034147967
1035528655
1035416745
1034717094
1034719705
1033709672
1034719633
1034012556
1034719626
1035528930
1033646622
1035476807
1035417273
1035418088
1035416760
1034019115
1035417562
1034717326
1035417513
1035476911
1034344138
1035479073
1035540275
1031926310
1034089885
1033146978
1033146329
1034344026
1033126889
1033126977
1033126662
1033126755
1033126829
1034117619
1034012543
1033127132
1034015492
1035556128
1034016493
1032913141
1033619715
1035534137
1034027063
1033709404
1035556130
1035416807
1035540193
1035417059
1033018096
1033709646
1034665958
1035540358
1034719394
1035477127
1035529342
1035416806
1034072430
1034373450
1033912625
1034012507
1035572014
1034373212
1034373238
1035571555
1034360051
1035476789
1034104739
1034100132
1033178196
1035555306
1033177960
1033124332
1033181508
1033124378
1033178163
1033177982
1033125523
1033152574
1035573956
1033128060
1033130843
1033128180
1033130981
1035560715
1034682829
1035540303
1035573955
1033147157
1035573959
1035418479
1034332970
1035573957
1033131091
1034016837
1033125398
1033125309
1035573960
1033119537
1034117544
1035476876
1034026130
1034680214
1035531058
1034003322
1034664278
1033177019
1034664279
1035556100
1034333662
1035538844
1034332045
1034293547
1034000173
1034096554
1035529345
1034360523
1035540059
1034698859
1035560690
1035531062
1034682853
1035479357
1034117633
1033199392
1034710541
1033604615
1035574038
1034012405
1035574039
1034015399
1035574040
1035574043
1034680477
1034682858
1034682859
1035574044
1034682811
1034682860
1035540370
1035536423
1035476920
1035417517
1034708994
1035416209
1035540244
1035572015
1034002620
1035540461
1035526215
1034331577
1034016620
1033125001
1034664417
1034664416
1034122205
1033199597
1035086313
1035565043
1033199692
1034292744
1034015080
1033180269
1033179676
1033179875
1034360388
1035476937
1033177055
1035418411
1035418280
1035529271
1035559750
1034096173
1035417629
1035418284
1034717211
1035418296
1035572016
1034016278
1034012221
1035479185
1034664464
1035417248
1035476975
1034698830
1035418228
1034664280
1034664345
1033152496
1034719208
1034082823
1031657638
1033358573
1033177045
1033177115
1033144897
1034107859
1035530886
1033119718
1033177585
1033125714
1034698662
1034682827
1034680338
1035574063
1035528872
1035574790
1034307003
1034306951
1035477135
1033029949
1034095048
1035572037
1035417697
1035571999
1034307062
1034719190
1035417696
1034292544
1031689185
1034292556
1035417322
1035574807
1034017044
1034680302
1035417627
1034034147
1034682866
1034016365
1034292522
1034082920
1032842960
1034292529
1034502226
1034531768
1034292536
1034014694
1034292525
1034243556
1035529283
1035417395
1034361074
1035477073
1034087090
1035540227
1034376031
1034110846
1034376053
1034664320
1035477104
1034307049
1034361399
1034374719
1033181001
1033874914
1034708814
1034360901
1034664264
1033177872
1033177909
1033177897
1033177940
1033177922
1031690081
1035556125
1035416368
1034105152
1034719226
1034361386
1035531094
1034698716
1035414958
1035417773
1033147050
1035528911
1034719245
1034717090
1035476991
1033179028
1033179139
1034532059
1034360037
1034664467
1031926410
1034004066
1035560729
1034350439
1034374483
1034004038
1034718684
1035564168
1035416673
1035476753
1035417420
1035476848
1034374466
1035416327
1034498281
1033179159
1031926415
1033142467
1033177080
1035415601
1033142723
1033132339
1033132401
1032908070
1034532215
1035477120
1033132237
1034613685
1034358921
1034532234
1034682886
1034532336
1034717312
1035556127
1035417445
1035417444
1035415045
1034359187
1034680245
1035556153
1035477128
1035556154
1034373566
1035417483
1034243106
1034532082
1034502024
1035417960
1035415977
1035418277
1035418281
1035526253
1035418285
1033710691
1034330856
1035418291
1034698959
1035418297
1033142644
1035558967
1035528893
1034698963
1035416182
1034719441
1034330905
1035417659
1034682844
1034030436
1035479112
1034719521
1034719519
1035416185
1034719527
1035529348
1035531014
1034292784
1034358984
1035559304
1032837853
1035540061
1035479165
1033030128
1035417660
1034719333
1035418081
1033030147
1035418079
1034328389
1034698813
1034698874
1033182069
1033182278
1035520161
1034698823
1035520162
1035418080
1033646390
1033182444
1033646178
1035478769
1033182749
1035555581
1035520163
1033646970
1034719506
1035520166
1035520165
1035520164
1033646792
1033709557
1033709576
1034056035
1034642572
1035540103
1034001951
1035538873
1035556129
1033646308
1033646984
1033709308
1033647001
1035556109
1033709624
1035417292
1034719340
1034375887
1035086317
1035086360
1035086361
1034375917
1035479104
1035479157
1035530837
1035530834
1035530831
1033148515
1035530816
1033181527
1033127961
1033147983
1035538782
1035086347
1033148038
1033152059
1033646333
1033646378
1034698810
1034350624
1035573879
1033126700
1034375922
1033994903
1035479361
1033148084
1035418122
1033126752
1033438405
1035417954
1033152098
1034719238
1035476806
1033438520
1035416328
1033710532
1035417955
1035559329
1033155867
1033433113
1035416943
1034360114
1033433237
1034709165
1035416942
1035086393
1033433033
1035086421
1034717041
1035417774
1033359537
1034642577
1035479241
1035526373
1035479153
1033177112
1033177154
1033177200
1033177097
1035478771
1035536078
1035540153
1035536044
1034717269
1034095583
1032813366
1034104776
1034708730
1035479128
1035536040
1035086408
1035417666
1034292808
1031689635
1035086373
1033593180
1035086394
1033179093
1033994923
1034614250
1033181434
1033132462
1033125274
1033990547
1035476948
1035476949
1035476945
1033124500
1033144124
1033181183
1034680420
1032838664
1035416824
1035540158
1035558839
1035479120
1033132698
1033125338
1035416825
1033124370
1033993858
1034718715
1035417974
1033991178
1035086283
1034385424
1034392840
1034719403
1035534437
1035574802
1035529078
1035574803
1035574630
1035417797
1035573892
1035574805
1033487082
1034642487
1035559915
1035232727
1034385384
1035558184
1034665987
1035559787
1034698706
1033991157
1033990492
1033990971
1033991125
1035416811
1033592191
1035416808
1034376045
1035416810
1034376049
1032838750
1035540258
1034680090
1035565042
1035565038
1034000500
1035526105
1035526393
1033619027
1033438251
1033438373
1035475994
1033433869
1033435548
1035476358
1035475998
1035534019
1035536487
1035475999
1034375925
1033433302
1035417793
1035417794
1033837526
1035476130
1035555038
1033619158
1035417796
1035417798
1035479271
1032951672
1035479276
1035529362
1034698953
1035574035
1034680349
1034328244
1034680350
1034532648
1034298548
1035529125
1034664318
1035417628
1035476014
1035558861
1034719308
1034072974
1035476282
1035538890
1035536020
1035479282
1035526411
1034298490
1035416938
1034360838
1035234110
1035479266
1034717236
1034719703
1035479260
1034718790
1035526349
1034717234
1035235722
1035528931
1033991013
1034665914
1034642584
1033991018
1033015638
1035416820
1032988623
1034611913
1032964561
1034717217
1034717233
1035479426
1034698863
1032965902
1034664370
1035479329
1034698875
1034682795
1034717152
1034680558
1034717231
1034014761
1034717220
1035555590
1035086209
1034682772
1035571966
1035417623
1035417373
1034682813
1035559398
1035418019
1035571962
1035476373
1035478789
1034717186
1035415806
1035415807
1034719522
1034717206
1034089823
1032841801
1035556177
1035526419
1035086419
1035476685
1035479031
1034531629
1034698865
1034088658
1034719154
1035572018
1034360689
1034708867
1034680134
1034030224
1032838301
1035478852
1032838332
1034055924
1034001539
1034698856
1035086369
1035571970
1034698861
1035418338
1033619787
1035479376
1034502117
1034351236
1035478751
1033177385
1035479374
1034376243
1032813400
1035417731
1035476292
1035556112
1034421142
1034698972
1034699028
1034719253
1034293044
1034421156
1035417860
1034421160
1033177369
1035476386
1034421165
1034698673
1033177339
1035086088
1034719544
1034421169
1035559522
1035477101
1031650257
1035086333
1033986714
1033710487
1034698862
1035478791
1035526137
1035478798
1034680514
1035526139
1035478779
1035526142
1034665965
1034665973
1033029537
1034665955
1035476367
1033491279
1033592126
1034375943
1034332993
1034375935
1033590548
1033590616
1033592084
1033589776
1033492042
1034642585
1033493374
1033491064
1034533526
1033589902
1033491212
1033491234
1035479422
1033590650
1035479416
1035479417
1033590740
1034699005
1033492175
1035417770
1034292728
1033646548
1034710528
1035534214
1034708952
1034699044
1034718403
1035086366
1035416386
1035416387
1033999327
1035478999
1033179484
1034717113
1034718398
1033709444
1034719543
1033181308
1033179645
1033180768
1034719407
1034719408
1034717325
1034717114
1034708951
1035416900
1034709082
1035478757
1034292680
1034133598
1034709037
1035478758
1035555563
1035478759
1035571965
1035572033
1034664286
1033588536
1032813639
1034292698
1035539285
1035478741
1035478740
1034709177
1034375920
1035417387
1034243134
1035476104
1034717101
1033060079
1033060100
1034682817
1034698686
1034719093
1035418327
1033999152
1035558831
1035523845
1033973551
1035526268
1034699029
1034719697
1035536036
1035528897
1034292888
1035556141
1035571977
1035531083
1035086370
1035556110
1033968070
1033592154
1035556111
1032908246
1035479465
1035086341
1034719518
1034292785
1035232711
1034719508
1035558891
1035536030
1035418325
1034422986
1034719438
1034285701
1035418208
1035531114
1034719423
1035476956
1035418133
1035418152
1034376089
1035479392
1035540189
1033142859
1034392924
1033986807
1035418134
1033619397
1035479402
1034719502
1034665968
1033989038
1035540164
1035478826
1035540179
1033943190
1035536473
1031688861
1035536489
1033709698
1035526400
1033646358
1035558895
1035536493
1033709779
1034612100
1035414939
1035572017
1035558858
1035559280
1032900108
1035559281
1032907217
1032906703
1032901261
1034360250
1034286543
1033997654
1032908166
1033986661
1035086342
1032908066
1034664372
1032900610
1035418492
1034719232
1033986625
1035418389
1035086343
1034286431
1035555165
1035418110
1035535933
1035535931
1034682847
1033178379
1032900057
1034698727
1033178342
1035526326
1032907064
1033124430
1033178857
1033178841
1035258969
1033124281
1033125013
1034719405
1034698676
1033125112
1033124958
1034717130
1034717174
1033125357
1034134942
1033145947
1034134938
1035572022
1033125061
1033178950
1033178628
1034135019
1035530993
1033178475
1033178727
1034285734
1033180785
1034717072
1033179035
1034666023
1035559513
1035479494
1033176978
1033180921
1033177972
1033176987
1033176995
1034709119
1033178589
1033178535
1035415024
1035418035
1035559848
1034710915
1035573897
1034719204
1035536481
1035528571
1035528925
1035478991
1034719220
1034717100
1035529363
1035538832
1033646086
1034708918
1034708912
1033994100
1034717120
1035526329
1034717076
1035526325
1035528667
1033995049
1034717083
1035559320
1035540347
1033995028
1034717106
1033994912
1033189914
1034717117
1034611640
1034718547
1034718536
1035232662
1033492954
1035534043
1035534047
1032814010
1035556162
1035479401
1035536035
1035479390
1035536034
1035475996
1034719636
1034717121
1035418220
1035475997
1033965547
1035479563
1034265354
1033980499
1035572091
1035540196
1033246914
1035572097
1034665855
1033619883
1034612485
1033978849
1032813136
1035574636
1033619420
1034612693
1034611418
1035574641
1033129233
1031679092
1035555148
1034613233
1034612096
1034280997
1035416759
1035529364
1034719362
1035416758
1035416918
1032888891
1035559311
1035531128
1035539262
1034088090
1033019159
1035539267
1034612111
1033618859
1035539258
1033199471
1034612103
1035531129
1034088902
1033731446
1033976685
1035574647
1035232685
1034227856
1035528692
1035416819
1033989519
1035535915
1035418210
1035535801
1035535916
1033976661
1033976662
1035556105
1035535917
1035479452
1035559860
1035558099
1035559853
1033199437
1033199558
1035479453
1035559857
1033199618
1035571998
1035559855
1035559863
1035559778
1035528966
1034227803
1034611751
1033199658
1034003554
1035417777
1034362057
1034003521
1033486984
1034003516
1035417776
1035574675
1035418233
1035418240
1035418238
1035574809
1034360030
1033968326
1034003864
1035528884
1035540097
1034003825
1034327648
1034360459
1034003820
1034003816
1035540205
1034003993
1034003811
1035528958
1032952519
1032952450
1032952670
1035476915
1034003806
1033955077
1035529135
1034003961
1032952783
1034003803
1034003978
1034003909
1034003800
1034003932
1033183164
1034003794
1032952963
1034225762
1035529106
1035086083
1035540305
1033974579
1035528570
1035573884
1034362054
1035416252
1035416251
1033974035
1034719388
1035416253
1035416250
1035416928
1035416932
1035476026
1034336872
1035416931
1035416934
1035416936
1034612093
1034351215
1034719437
1034028323
1033989895
1035555568
1034642514
1035476205
1035556069
1035540319
1035556070
1034717316
1034717238
1033646065
1035415980
1034611725
1034719434
1034708829
1035418217
1035418234
1035556101
1035556106
1034199785
1035574653
1035573893
1035574806
1035573883
1034719708
1034719285
1035418219
1035527206
1035418224
1035539159
1035573887
1035477032
1034719377
1034698675
1035417511
1035477022
1035539188
1035477012
1035539182
1034719404
1035477026
1035574650
1033989319
1034719376
1035574652
1032965823
1035418108
1034719383
1035539279
1034718814
1035416705
1034719396
1034719399
1034682881
1035526449
1034719390
1034719372
1034719368
1035540352
1034642519
1032912756
1034719361
1034682875
1034719402
1035540331
1034612355
1034719336
1034719373
1034719398
1034612523
1034220516
1034719387
1034612505
1035558851
1034347148
1034719381
1034362088
1035416724
1034532681
1034134932
1034362084
1034612216
1034717323
1034719102
1035476058
1034719348
1034698725
1035530847
1035476127
1034336791
1035540329
1035559766
1032952206
1034717058
1035573962
1035477072
1035559851
1035232692
1035559869
1033965758
1034717177
1034682786
1033178142
1034717204
1034717230
1034719406
1033143832
1035526169
1032900405
1033986837
1034698835
1034612713
1034719566
1035418298
1034698987
1035529354
1035559820
1035418237
1031621695
1034184825
1035574804
1033593025
1035534182
1034185419
1035559508
1035534179
1033998930
1035559510
1034718668
1035559919
1034665994
1035529385
1034666035
1032952835
1033176901
1034199496
1033123887
1035417909
1035476115
1034719426
1032813436
1035476201
1034217792
1034199919
1034333349
1035539145
1033180146
1035476198
1035476114
1035476128
1034343512
1035418074
1034664383
1033179804
1034344127
1034719600
1033178263
1033178695
1033991052
1035555030
1034343489
1034698965
1034719430
1035232735
1034698704
1033990391
1035559741
1034698661
1034343479
1034225782
1034362032
1035479362
1035526062
1035526284
1035526278
1035536079
1034698762
1035416126
1035574837
1033143013
1033143220
1034719417
1035414998
1035527155
1033126028
1035479424
1035418121
1035530882
1035479425
1033991196
1034003374
1035416004
1034003335
1034003636
1035529114
1034133091
1035476244
1034133139
1035476246
1035526286
1034680231
1034336783
1034708905
1034698816
1035558908
1034336775
1035574869
1034680232
1034719690
1035559916
1034336850
1034698772
1035559886
1035530850
1035417039
1035558964
1035556053
1034612122
1034225692
1035530849
1034336857
1034698849
1035417979
1033125631
1034698873
1034612126
1031678381
1035555354
1035479614
1031672083
1035528963
1034698840
1034664381
1035529388
1034664248
1034337419
1034664394
1034337403
1034155149
1034179835
1035571985
1035559937
1035559511
1034666015
1035539122
1033401556
1034334941
1034003589
1035559272
1034177931
1035559931
1034664427
1034003329
1035559940
1034029919
1035416805
1035526385
1035572070
1034719267
1035223530
1034698643
1033397185
1035534409
1035559767
1035476126
1034375880
1035559346
1035476119
1034719449
1033125214
1033125159
1034385475
1034350909
1032842892
1034376166
1034719528
1034362074
1035415569
1034003642
1035415555
1034003647
1034362079
1034292725
1034719393
1035540354
1035526332
1035539653
1034719630
1035479146
1034719439
1035417653
1034698860
1035417646
1033177028
1035555086
1033152380
1034421131
1035564446
1035531022
1033176944
1035526113
1033357287
1034151442
1034346229
1035526117
1034346022
1034346117
1034708810
1035539224
1034346073
1035539280
1034346455
1034292739
1035415520
1034151394
1035574799
1035415521
1035574797
1035528988
1035530998
1032894675
1034682808
1035574796
1033676373
1035526074
1032894609
1033676569
1033676455
1034133155
1034717215
1032912651
1034147301
1032080979
1035526076
1033676746
1032911293
1034717222
1034719378
1035526078
1034717322
1034719638
1035558896
1034717317
1035539307
1033020533
1035571986
1034376235
1034717182
1034717212
1033016490
1034392908
1035527225
1035536429
1035479435
1035418025
1034612548
1034336741
1035476427
1035479434
1032947503
1035529097
1033145588
1034376197
1033990261
1034612567
1035479430
1034376201
1033145449
1034719427
1034376224
1035476393
1035416690
1034680171
1035568008
1035086307
1035559837
1035529406
1034133080
1035559799
1031908732
1035559821
1034612789
1035527234
1031633461
1034699014
1035559933
1031633017
1035529019
1035086303
1035559378
1031633209
1035086318
1034717320
1032960521
1035417514
1035417515
1031822478
1034717043
1035086151
1035086100
1035571987
1034709062
1034717099
1034350239
1034307233
1035568016
1035568015
1034307221
1034351333
1035415088
1034350366
1034350341
1033147651
1034292787
1035529120
1034680586
1035417007
1035555556
1034151076
1034150996
1035414925
1035234061
1035529410
1033710298
1035555036
1034151008
1035555016
1033119772
1035540139
1035556120
1034666037
1033125912
1034337291
1034362014
1035556146
1034717080
1033125471
1033124113
1035418294
1034717108
1034698841
1035564158
1034154665
1035574631
1034421202
1035536082
1034698844
1034717079
1035530880
1034147828
1035559819
1034423006
1034710573
1034719442
1034151040
1034423008
1035556124
1034698867
1035556122
1034698832
1034350962
1034350977
1035479211
1035418012
1034360267
1034717119
1034336734
1033397615
1035417645
1034698868
1034336730
1035555586
1035418013
1035479171
1034698869
1035555585
1035416523
1034243138
1034243142
1035526296
1034243146
1034243164
1034243200
1034698866
1034243212
1035526300
1034717296
1035531095
1034243245
1034361993
1035531096
1031621812
1031687854
1034612129
1035006103
1035006849
1035416823
1035006686
1035006574
1035006123
1035007090
1035007015
1035006965
1035006915
1035007240
1035007226
1035007206
1031688142
1031688608
1033993930
1034682774
1033993917
1034292790
1031688488
1031688707
1033401647
1035476738
1033990560
1031831003
1033990553
1035559941
1035559841
1034375870
1035476159
1033993880
1034708837
1034708833
1034717171
1034155131
1035556147
1035556138
1034717297
1035560731
1034708838
1034682799
1035479385
1034719613
1035539746
1035479379
1035479432
1033995040
1034698726
1034698663
1034698748
1035556080
1034285433
1035572084
1035526079
1031830883
1033806039
1034612313
1032813863
1034717202
1035536430
1031915697
1035529367
1035416559
1035559943
1035558103
1035559894
1035559898
1033178967
1035564432
1033178844
1033178875
1033131549
1035526223
1034682776
1035526224
1035540355
1035526230
1034682771
1035526227
1035568828
1035526225
1033999159
1034719713
1033945133
1035539711
1035528854
1035476184
1035559850
1035529383
1035568829
1035526413
1033618212
1033199789
1035565034
1033017871
1033989752
1035529404
1035568834
1035568833
1033998838
1035556102
1034611542
1035556155
1035556104
1035531074
1035540207
1035417702
1035417703
1035529098
1035528986
1033182500
1032840688
1035534172
1035417701
1035529099
1035417704
1033029784
1033246937
1032960634
1035417706
1035417707
1035534410
1035571980
1035417712
1035559684
1035417708
1035417710
1035417709
1035556139
1035535777
1035476051
1035416153
1035534408
1035476444
1033993523
1035572078
1035535150
1032908718
1034362046
1035526459
1034016673
1034719416
1033989589
1035530809
1035086413
1035540000
1033617922
1033178817
1033999994
1033989370
1035559772
1034423012
1033997373
1033179411
1034680411
1035571375
1035571378
1034680412
1031916710
1032965995
1035529054
1035416979
1035539161
1034717160
1033030027
1034717132
1035560704
1035539271
1035571991
1033996594
1035571992
1034717126
1035415366
1034292518
1034680523
1034292510
1034698741
1034717163
1034719302
1034089900
1035573920
1034717218
1034680578
1034089050
1035479599
1034717167
1034717196
1034664241
1035416665
1034088953
1034717199
1034717124
1034135027
1033181336
1033618874
1035086415
1035531017
1035223660
1032912424
1034717210
1033131356
1033710239
1035476081
1035539322
1035529049
1034698729
1035531073
1033619966
1035415359
1035077742
1035077708
1035077697
1035531069
1033155609
1035556114
1033155698
1034000274
1034719665
1035077787
1035077774
1035531070
1034292456
1035556118
1035571368
1035556115
1034292490
1034719446
1033592359
1035476195
1035556117
1034719454
1034612118
1033604727
1033590478
1034612115
1033604319
1034719230
1035529041
1035556116
1034614183
1034680102
1034002396
1034719108
1034002458
1034002434
1033592796
1034350922
1034719652
1033619349
1034680116
1033592189
1033618927
1034002364
1035086417
1034132068
1034719710
1035560749
1035520118
1034718557
1035528568
1034000074
1035558905
1035571384
1035536488
1035560695
1034337196
1035539755
1035529071
1035571981
1032960533
1034680515
1033179150
1034680517
1033179081
1035417381
1035417648
1034680521
1034185636
1035555595
1034335855
1035479182
1034698857
1034710520
1033987610
1034292432
1034292447
1033987628
1035531057
1035479583
1034105520
1035479569
1034680406
1034123060
1035476109
1034719379
1035417455
1034612800
1033178014
1033178107
1035418037
1034612866
1033358388
1035479058
1033357328
1033357948
1033357583
1033357789
1033357488
1034003418
1033177628
1033357878
1033994072
1035534005
1034710571
1034717190
1034614361
1033943111
1034612810
1034680295
1035528562
1035529401
1035417258
1035417257
1034664346
1035417893
1034243180
1034664347
1035417289
1035417895
1035556145
1034243131
1035556142
1035556143
1034243279
1035555173
1033994395
1035417898
1035417901
1034306907
1034243282
1035416281
1035556090
1035086154
1034147808
1035556157
1035416896
1032842330
1033942903
1035556148
1035415052
1035197375
1034004025
1035417790
1033183729
1035560734
1035540306
1034717185
1034717189
1033994823
1033593202
1033604080
1034709078
1033492224
1034666022
1033942675
1034680591
1033999926
1032908331
1033942798
1033017510
1034100074
1032962286
1033942666
1032964383
1033942661
1033146366
1032944116
1033942644
1033989744
1033710437
1035417625
1033989648
1034612322
1035526218
1035571613
1032952097
1035418243
1034578929
1035559542
1035571972
1035417878
1035476777
1035417881
1034708784
1034665952
1033936754
1033936720
1034665942
1035417884
1034372234
1034718448
1035417888
1035417715
1035417887
1033146140
1034612880
1033994011
1035417890
1035417891
1035529151
1034717251
1034612895
1035417892
1034664258
1034612951
1033936657
1034664257
1033936643
1033936702
1033936672
1034708772
1034123151
1033936562
1034708819
1033936548
1035528879
1033936626
1033936608
1034611759
1034708801
1034719229
1033993871
1035556108
1035538888
1035476038
1035417788
1035476039
1035476037
1035416852
1034719090
1033987494
1034708886
1034114658
1034532762
1035418191
1034708916
1035418185
1034100089
1035418143
1035418132
1033125467
1034016825
1035478767
1033646823
1034533580
1035476804
1035540105
1035418054
1033183911
1034307200
1035529302
1034359182
1035418379
1033199733
1035476701
1034719389
1035526347
1035539205
1034293742
1034293776
1035162367
1034613499
1034642364
1033181807
1035556161
1034108021
1035571598
1035555145
1035416021
1035415100
1035556158
1035556160
1035555010
1035540147
1035556151
1035556149
1034026493
1035556152
1033179339
1035573881
1033394827
1034698680
1033117992
1035559793
1033177673
1035529371
1033592291
1034096428
1032845944
1034682879
1035540383
1035556113
1034710518
1032839007
1035559926
1034082846
1034121978
1034082289
1034121958
1034613017
1035076799
1033131345
1035234133
1033131457
1033131571
1033132055
1035417314
1035571653
1033131788
1033131898
1035479555
1034282390
1034282441
1032944804
1033146291
1033126572
1033126261
1033146267
1034613752
1033179952
1033177303
1033146244
1035477035
1035479559
1034351360
1034613770
1035526242
1035417612
1035534114
1035477080
1035559390
1034682854
1033988984
1035418164
1035529107
1035477099
1035555566
1033991104
1035559835
1035418137
1035232702
1034612360
1033989323
1035086403
1033991164
1034666028
1034698843
1034666006
1033618337
1033618819
1034072629
1035535085
1033128528
1034718693
1034376215
1033128680
1034683042
1035558140
1033128402
1034376183
1033129016
1033128920
1034375957
1033030177
1033128846
1034375026
1034122198
1033177204
1035417661
1035414954
1035476984
1033177500
1033177584
1033177455
1035416115
1033177678
1033177730
1033177769
1033177632
1035526273
1034375069
1035571553
1035417957
1032964241
1035417674
1034501616
1035417672
1034666014
1035559428
1034362043
1032846985
1035526341
1034072769
1033986566
1034502517
1033986590
1034708820
1034665991
1033989988
1035415706
1034374367
1034360297
1033986550
1034374605
1034699247
1034374617
1034718494
1034708789
1032960032
1032841136
1035540324
1034708822
1034718872
1034718870
1033986507
1035529370
1034613505
1035415044
1034423016
1035526068
1034613434
1034104744
1035559934
1035417677
1034664228
1033991034
1033993551
1035559880
1035560678
1034708805
1034680087
1035417716
1035418130
1035525987
1035418129
1035559795
1033991244
1034708765
1035417723
1034682887
1034533388
1034352432
1034708795
1035567013
1034708827
1034613135
1034708796
1034708766
1034708751
1034375843
1034682883
1035560677
1035525982
1035417735
1034708783
1034682882
1035417738
1035417737
1034335989
1035559412
1035417743
1035417742
1035417741
1033130829
1035525991
1034107329
1034122267
1035525978
1034352295
1033125093
1035417252
1034373635
1034374254
1034532828
1034533309
1034664232
1034533430
1034717109
1034360143
1035555006
1034373296
1035558815
1034362066
1035559924
1034375928
1034335971
1035416822
1035086357
1035414926
1035417563
1034370736
1035416815
1035086355
1035556133
1035416818
1035416821
1033611237
1035416817
1035416812
1035559514
1035527238
1033994840
1035572021
1033604765
1035416956
1033989536
1035415047
1035555575
1035556056
1034028283
1035476747
1035416456
1035416461
1035414934
1035559449
1035559551
1035539228
1033018002
1035539250
1034015509
1034292747
1034372940
1034362069
1031908889
1035086301
1035415106
1034613424
1035258875
1034370745
1034719395
1034709153
1034014668
1034350873
1035415510
1033969475
1035564160
1034292343
1035564161
1032989088
1033125909
1034717059
1034307053
1034307186
1035415515
1035559724
1035555023
1033893952
1033125856
1035416707
1033592644
1034664237
1033618355
1034664246
1035556137
1034680240
1035556136
1035556134
1035559784
1034498420
1033147286
1034665975
1034680242
1035534138
1034665986
1033986485
1034292749
1034306952
1033646574
1034362038
1035417433
1035417288
1034072504
1035417802
1034362214
1035555579
1034698872
1035526061
1034003790
1034719241
1035418223
1035418236
1031886789
1035418222
1034351178
1034307178
1033910814
1035527125
1033982924
1034351196
1035417740
1034307188
1034292349
1031910392
1034351138
1031910302
1033982892
1034350798
1034613516
1035478980
1031820633
1035564443
1033982862
1035416245
1035416246
1035559370
1031819422
1035417582
1033156267
1031877078
1034292752
1035571615
1035416103
1034306954
1031877594
1033990150
1034003768
1032164803
1033126046
1035565242
1035558151
1034665949
1034292570
1033126276
1033126338
1035417781
1034350818
1035558154
1033126142
1034533562
1034710543
1034003656
1033126221
1034292354
1033126433
1033126509
1035417783
1035565246
1035558153
1035571706
1034665992
1033126380
1034421233
1033183235
1035559736
1035567016
1035475975
1034375867
1034698749
1035559789
1034698750
1034698708
1034698738
1035530990
1034335620
1034533519
1033592175
1035539165
1035539209
1035539212
1031645206
1035232709
1035555352
1035556140
1034719161
1032959965
1035567017
1035539724
1035417778
1034351157
1035560738
1034099555
1032959746
1034376174
1033921899
1035418000
1034351114
1032959886
1035564444
1034376103
1033018164
1034335962
1033127247
1034104728
1034362049
1033127579
1035531077
1033127360
1033127479
1035417787
1033127663
1035416952
1035559900
1033127903
1035564159
1033990457
1035558104
1033990423
1035416154
1034350261
1035559776
1035571988
1034350303
1034350322
1034015731
1034719580
1035476864
1034292359
1033122875
1035529076
1035418353
1035559555
1035572049
1033119651
1034351221
1035418073
1035559802
1035568017
1034699140
1033620151
1035417841
1034057119
1033619203
1034336890
1034532610
1034333708
1035417837
1035417844
1034346484
1035571775
1035417839
1035417845
1034682850
1035539214
1032967990
1035417664
1035539219
1034392808
1035539221
1034682852
1034376181
1034375932
1034056046
1035249505
1033125925
1034392789
1033181606
1034719567
1035476903
1034719568
1034350927
1034385496
1034028240
1032838044
1035526338
1035559595
1035564155
1035417958
1035086266
1034335700
1035568020
1035568018
1032967858
1035534475
1034376184
1034375937
1035530881
1034350947
1035564445
1034385516
1034421139
1034335813
1035567975
1035539119
1033612320
1034698766
1035086274
1034392878
1034392792
1034351396
1035086268
1034682840
1034719386
1035086275
1035571969
1035479615
1035086321
1035086294
1035478768
1035476923
1033999197
1034421138
1034421143
1034376190
1035417818
1033604162
1035416085
1035536070
1035417854
1034385530
1034375941
1034122669
1034698700
1035417034
1035417670
1032843261
1035417956
1035418283
1035417671
1035417518
1034350980
1035418288
1034421178
1034392887
1034373621
1035417779
1035535890
1033124687
1034421144
1034335142
1035416694
1033179344
1035534434
1035416736
1034717225
1033131232
1034151477
1035531106
1035477074
1034717191
1034531656
1034717229
1033973865
1035234049
1034717195
1035571974
1034421188
1033988155
1035539328
1034502075
1033988992
1035538897
1033124217
1033124291
1033124338
1035572094
1035416679
1035571975
1035558148
1034376040
1035574656
1033124769
1033124851
1033124928
1035571976
1035558147
1034421180
1034421196
1035571979
1035558150
1034421204
1034421145
1034151536
1034532423
1033124394
1033125033
1034030137
1033124547
1034532437
1033124665
1034035198
1033124458
1035476995
1034421213
1035476997
1033124713
1031915438
1033143748
1033143868
1031916556
1034498262
1031915612
1033059659
1033176993
1035526261
1034336746
1035526262
1033989633
1033153232
1034374804
1035416309
1033177032
1035416578
1035416308
1034665694
1033131711
1031916848
1033176950
1034421260
1033176969
1034344110
1034698842
1035479162
1034335100
1034421205
1034719384
1034335248
1033989429
1033999014
1034709088
1034719195
1035417379
1034666034
1035417377
1034665712
1035416585
1033989477
1034334212
1034344074
1033147607
1034344059
1033147442
1035531141
1035531143
1034665713
1035531144
1034004011
1034027020
1033994854
1035531145
1035415666
1034131327
1035574800
1034335832
1035417658
1033144994
1033021056
1035234125
1035417849
1035415046
1035540389
1033180592
1035539679
1035574801
1035531097
1035568811
1034698977
1035531142
1034698978
1035574833
1035528866
1035479448
1035479445
1033199759
1033998123
1034072551
1031914920
1034665748
1031917072
1035529195
1034076064
1035417662
1034121905
1035529403
1034335315
1034121967
1035528997
1035416902
1035558145
1034123822
1035417813
1034122556
1034001650
1035476941
1035476938
1034717194
1033394149
1034665804
1035476944
1035476939
1035476943
1033126042
1035476767
1033126182
1033126409
1033126496
1035415949
1034358931
1035529365
1033999101
1034698664
1034719273
1035417614
1033396603
1035536053
1035536047
1034682856
1034135033
1034682814
1034154732
1035536059
1034698853
1034717129
1034027651
1034719264
1033018108
1034719295
1034719151
1034154939
1033998104
1034665827
1033017996
1034719244
1033998068
1034719233
1033018238
1033989358
1034708824
1034001625
1034001615
1034001596
1035416562
1035558143
1034001666
1034075164
1035558144
1035558146
1034117844
1035558141
1034334811
1034035054
1035536446
1035571967
1033142340
1034719164
1033132093
1033394788
1035417843
1035526255
1033994089
1033989342
1035479407
1033199168
1033199240
1035539739
1033199312
1033181340
1033181562
1034709192
1035476981
1035572112
1035476982
1034682800
1033989353
1034665834
1033057483
1034533694
1033990567
1033125636
1035416840
1033143255
1033125857
1033709959
1033125765
1035478916
1035555308
1035529413
1035476983
1033998029
1032890520
1034665844
1033179516
1033179402
1035476816
1035476822
1035416187
1034665848
1035476841
1035417423
1035414947
1033989367
1033989330
1032840921
1034333325
1034333339
1034013753
1033119239
1034664350
1035479535
1035540373
1034000625
1035476786
1034027073
1034719530
1035418242
1035555331
1035560752
1035555393
1034026150
1035526304
1034134925
1034360127
1034000763
1034334681
1034000844
1033433809
1033436862
1035535999
1035571964
1034708989
1033016213
1033438430
1033017695
1034373664
1034664447
1035478729
1035417282
1035416146
1034360130
1034719181
1034698976
1033875556
1034682885
1034642409
1033988038
1035559774
1033029214
1035417135
1033991222
1035416596
1035558849
1034666026
1035418092
1035479040
1034333594
1034709140
1034154841
1033989016
1035540281
1035536452
1033893428
1034012887
1035416911
1035540400
1035540409
1034003426
1034679997
1035534450
1035534424
1035415039
1034664460
1035530982
1035535886
1035415012
1032812865
1034003431
1033124696
1035540263
1035416249
1032960833
1035538849
1033177579
1034719641
1035418083
1035418090
1035529152
1035572055
1034664448
1034088105
1032842010
1033912079
1034719413
1034719443
1035415096
1032843152
1035535954
1033125586
1035418482
1035573961
1035573958
1035529344
1034026907
1035416141
1033018101
1034026126
1035526057
1035574042
1033019176
1034117518
1034680537
1035540068
1033814463
1035573973
1034025940
1034719371
1035478753
1033017724
1034360065
1033433628
1035476801
1035417872
1034360485
1035086315
1035476913
1034361028
1035417505
1034719433
1034361270
1034082754
1033438355
1035417856
1034682834
1032949056
1034680304
1031689922
1034076007
1034360976
1035417633
1035538869
1034016889
1034719422
1035528876
1033179223
1033147206
1035417993
1035416683
1035416670
1034532231
1034532223
1034699022
1034002646
1034502369
1035417959
1035540290
1034333144
1034360966
1034361321
1034003403
1034025608
1034072588
1034360043
1034698964
1032847606
1035479108
1035476017
1035528875
1034361044
1034719515
1034719510
1035555570
1035526405
1035555113
1035556051
1034719134
1034719149
1034611336
1033126006
1035479098
1033147999
1035530836
1035415955
1034679894
1034384884
1033128131
1035417968
1034358957
1035418052
1033358728
1032838274
1034346874
1034346777
1032969224
1033152464
1035418109
1034717040
1034361262
1034089915
1034717281
1035559603
1034360919
1034337302
1034680189
1035529083
1035418018
1033600578
1033998808
1035558155
1035478732
1033180719
1035558185
1033436440
1035558179
1035417973
1035572060
1034332133
1035538802
1035528934
1035573895
1035232729
1035232706
1034664313
1035555558
1033994833
1035536066
1035540172
1035565037
1033437308
1035526111
1035536022
1035475993
1035526110
1035476000
1035416574
1034664419
1033822060
1034336985
1034611472
1035418245
1033849681
1035529418
1033993614
1035559589
1035574073
1035540096
1035559570
1035529084
1035479284
1035479286
1034343776
1035555335
1034343532
1033849993
1034698870
1035573896
1033016258
1034718800
1034718787
1035417861
1034718803
1035476971
1034664494
1035572042
1033124628
1035418401
1034351276
1034682770
1035476099
1034682805
1034613736
1035559380
1034682792
1035416953
1033020923
1035479301
1034360138
1035476378
1034089807
1034088229
1035478763
1032838530
1034698982
1035534108
1034360701
1034360808
1034360804
1033156147
1035555553
1035232715
1034336918
1035416433
1035477052
1035477046
1034665957
1035527224
1033492006
1035479421
1034360696
1035572063
1035086431
1034708963
1034719601
1035478850
1035555137
1035478853
1033999278
1035526050
1033999256
1034699043
1035534139
1035558897
1034719493
1034000741
1034709077
1034001427
1033493625
1034709095
1035555075
1034698753
1034698755
1034642415
1034698757
1035536419
1034709182
1035559676
1034709187
1034709175
1035259041
1035479210
1035555146
1034000200
1034611613
1035086187
1035526331
1035528896
1035559565
1034642557
1034699017
1035479459
1034666031
1034336938
1034719494
1035479403
1033618400
1035418139
1034719453
1034719505
1033943181
1034613299
1033998086
1035572083
1035536459
1035555403
1034719448
1035536477
1032908356
1033178246
1035476279
1032907955
1032812467
1035528944
1034699147
1035535092
1033178319
1035417064
1035556052
1033998241
1035538817
1035478973
1035572087
1035572081
1034362062
1034717111
1035538833
1035526395
1033994325
1035476541
1032911573
1032813933
1034699167
1034360567
1034718544
1033986210
1033986176
1033850218
1034281154
1032840037
1034280028
1035528898
1033982083
1035531015
1035416637
1035528932
1033978907
1034698742
1033438609
1034089875
1033929711
1033977564
1035535118
1035415380
1033976664
1033017395
1035476024
1033976655
1035535932
1035476025
1035572090
1035573950
1033988123
1035538790
1034056031
1034719385
1035538806
1033974904
1034337055
1034921801
1034088393
1035477064
1033955194
1035476455
1035555337
1034360259
1033953973
1035538878
1034360306
1035528968
1035572100
1035559870
1035536045
1033973980
1035540295
1035571983
1033973645
1032967280
1035232741
1035574649
1035418218
1035572110
1034719681
1035573890
1035573880
1035555577
1034360513
1035574648
1035539190
1034719391
1035574654
1034719401
1035528960
1035475991
1034719662
1035475990
1035559611
1035476050
1034360435
1035166110
1035540304
1035232691
1035530830
1033143945
1034336987
1034614224
1035559397
1034664493
1033998300
1035414914
1034362025
1035559351
1035528972
1035417906
1032813499
1035528891
1035572064
1034719105
1034708924
1035476247
1034719694
1035479604
1034359959
1034708921
1035232736
1034336842
1035556064
1035232751
1035536425
1034611397
1034614236
1035530851
1035539997
1034719643
1034343434
1034343445
1035526421
1034664356
1034709169
1034719429
1034003509
1035540021
1035526070
1035540029
1035572069
1034664309
1035479118
1035555318
1035479069
1035555320
1034709104
1034343474
1035531021
1031916498
1032912139
1035529117
1034680174
1032911824
1035559409
1034680176
1035415522
1035526374
1035415523
1034003504
1035232693
1033676684
1035418023
1032912693
1035555594
1034613749
1034346447
1035527211
1035556078
1031633950
1031867084
1031867562
1031866630
1034350283
1035476414
1031867745
1033155512
1034719343
1034089813
1034362009
1032839818
1032961224
1035555169
1034717084
1034698864
1033398764
1031916971
1035232800
1032951888
1035529043
1034337255
1034337210
1035531034
1035415821
1035418015
1035415818
1034089023
1034699174
1034708834
1035571995
1035529122
1033993798
1033993497
1035234064
1035520109
1033015698
1035540223
1035565046
1034362020
1034614216
1035558894
1034614667
1033989823
1035538798
1035479395
1032961797
1032960931
1033119998
1035528697
1035529036
1035414941
1035555179
1034699024
1033943170
1033178938
1034110648
1035479245
1035476199
1035529101
1033989387
1035556068
1035479646
1035234130
1035559791
1035538824
1035476272
1033987641
1034089897
1033944952
1033944220
1031914914
1033400583
1035531016
1034000045
1034000777
1035526199
1033995057
1034000059
1035526463
1035559813
1035539203
1035539665
1032952287
1035539670
1034117414
1035476054
1035539990
1034719347
1034135028
1033144769
1035529105
1035086389
1035529376
1035414999
1035529027
1034421249
1035559792
1035530888
1035476194
1035476261
1033611309
1034719685
1034110090
1033997362
1034027989
1035416503
1034699188
1035528583
1035555313
1035555132
1035555140
1035086278
1034719221
1035479580
1032911975
1032908856
1033943146
1035559592
1034719400
1035417641
1035540034
1035559279
1034612837
1033177604
1035523796
1035555564
1034002615
1035479083
1035555156
1035478811
1034698698
1035526072
1035476435
1034243184
1035540019
1035417013
1035559273
1035573942
1033997786
1034088966
1035478976
1034072924
1035416373
1035559439
1034709007
1035531147
1035476965
1033941526
1035530864
1032968358
1033942652
1032967597
1033997955
1035478824
1035415098
1033938400
1035078129
1033997880
1035526211
1035574051
1034026201
1035573882
1034131174
1034584008
1035571607
1033994114
1034698754
1034698721
1034698752
1034117655
1033399357
1035476225
1035571579
1034708891
1034680137
1034533392
1033987351
1035571614
1034679910
1034533745
1034332086
1034680548
1034709142
1034698944
1035529050
1035476930
1035476849
1034359240
1034613013
1035571651
1035479253
1035555294
1033989276
1032842788
1034708909
1034347491
1033393440
1034114639
1034682873
1035234149
1035540385
1033394473
1035540186
1034719109
1031965716
1033131218
1035235683
1035417519
1031630373
1031630852
1031631020
1031631178
1031630638
1035477002
1031630745
1031630768
1031631579
1031872401
1031632245
1031631927
1035538927
1031632085
1035232678
1035417121
1035477070
1035538919
1033989338
1035555588
1033990221
1034698781
1035559289
1035528563
1034132113
1035573954
1033993510
1035529052
1034717252
1035479012
1033177049
1033874906
1034642238
1035477000
1034642248
1035555290
1034025627
1034025625
1034373972
1034708773
1034374541
1035535148
1035560684
1033973507
1034292503
1034709099
1035559782
1035526102
1035414991
1034708778
1033993897
1035526376
1035525979
1035559285
1035560681
1035476772
1035416816
1035559831
1035529026
1034016520
1034129682
1033990882
1035555309
1034360136
1035559553
1035555574
1034016386
1035086390
1035534007
1034532516
1035415514
1033605596
1033894007
1034665978
1034719514
1033612364
1034665969
1035476957
1033910778
1032839852
1034028262
1035556091
1035559350
1035417261
1035479039
1031887000
1035479038
1031818404
1035555162
1031879175
1034336941
1034110669
1035475978
1035414967
1035475977
1035416080
1035475974
1035529394
1032967913
1035559939
1032909065
1033612149
1035530992
1034064537
1035571707
1035534150
1034346465
1034100145
1034013793
1034013830
1034016801
1034336727
1034345866
1035416526
1035529030
1035528976
1034114813
1035556058
1035529278
1035258901
1035555067
1035555066
1034682861
1035534435
1035086265
1034292835
1035086326
1034682781
1034018533
1035416107
1035533981
1035559557
1035417852
1035416100
1035479187
1034717223
1035418029
1035528610
1035535884
1033989864
1035234038
1035559543
1034335661
1034421154
1035540011
1035415056
1033990119
1034075155
1035131191
1035476974
1034376028
1034665807
1035476998
1034000090
1033152608
1033999114
1033152919
1034361951
1034421251
1033989383
1035536081
1033176974
1033989488
1035540215
1034374525
1035418344
1035536411
1035555357
1035416835
1035417745
1035417678
1035417375
1034344038
1035416654
1035531054
1034374176
1035479389
1035415017
1035530984
1035530981
1035416701
1033125175
1035555288
1034057437
1035479446
1033989375
1034717266
1034337022
1034666027
1031916735
1031914520
1035531085
1033393068
1033396203
1035555303
1035476940
1033116139
1033396978
1033401188
1034360840
1033117816
1033396491
1034004142
1033397109
1034865660
1034026205
1035574662
1035416992
1034154733
1034334089
1033118147
1035235725
1034335749
1035572108
1035416831
1033993605
1033911356
1035416839
1035478913
1032838195
1033989363
1035555312
1035559336
1033995095
1033019528
1035556074
1035529085
1032840093
1035479514
1032840899
1035529128
1034682832
1035479542
1034028376
1035479471
1034002627
1035528868
1033994969
1034154657
1034108544
1035572114
1034709074
1033968821
1034698804
1034361947
1035476678
1035417262
1034001446
1035555323
1033989312
1033989294
1035555396
1034717046
1034698713
1035526391
1034682889
1034000599
1035571963
1035572076
1035559608
1033710816
1035526397
1035555555
1035555554
1035417699
1033144170
1035478724
1033968466
1034360117
1034642369
1034613790
1035476543
1035571372
1035414930
1034709004
1035417665
1035526252
1034708937
1034709041
1034332769
1035528880
1034088060
1033645982
1034013107
1035560697
1033990045
1034001852
1034682870
1035477016
1034536762
1035416515
1034088983
1035479027
1035414948
1035476745
1035558848
1034134916
1034664283
1035560717
1035558844
1035564450
1034665989
1034666011
1035526172
1033989031
1034013034
1034154891
1034012977
1034613898
1035555419
1035418071
1035415927
1035415929
1035415937
1034719334
1035415932
1035478861
1035540412
1034337218
1032837904
1034664409
1034664492
1035536033
1035417638
1034679866
1034001807
1034337382
1035528912
1035528887
1033126579
1034351252
1032893438
1035531038
1034717138
1032960760
1035535847
1035418369
1035476679
1035418372
1034717115
1035528899
1034682843
1035573901
1033152683
1034360596
1035539745
1035555170
1034698802
1034360058
1035415363
1035416511
1034682777
1035528580
1033119841
1033143652
1033119404
1035416512
1035418473
1035418477
1034132088
1032969682
1035531066
1035574045
1035536422
1035574046
1035574048
1035536426
1035572058
1034682790
1034285493
1033819995
1035538854
1032963101
1035558865
1033111721
1034100049
1035540270
1035417603
1034361291
1033437096
1035572059
1034719096
1034682824
1035479611
1034361281
1034306941
1034360380
1035531092
1034709170
1034642555
1034361325
1034360585
1034664271
1035534004
1034361404
1035559614
1035417526
1035572039
1034376265
1033997986
1034717105
1034034606
1035528649
1034374427
1035418241
1034358925
1034373939
1034351041
1034532403
1034680159
1034699006
1035529129
1034361375
1034351404
1034361341
1035417962
1034680273
1034359120
1034105102
1034331308
1033396796
1035415948
1034698960
1034698961
1035558887
1034698962
1033131071
1035416184
1035479111
1034719500
1034680201
1035520123
1035558940
1035416197
1035477118
1031915331
1034361037
1035540082
1034698827
1035418085
1035572086
1034719516
1034358950
1034680249
1035416178
1034719520
1035416905
1034698811
1035526149
1035526144
1035232789
1034719517
1035232805
1035555601
1034359041
1035235676
1034332577
1035555567
1034719435
1034359570
1034614205
1034360937
1035559574
1034719418
1035559578
1035530835
1035559579
1032812334
1034385243
1034350465
1033994213
1034019042
1033433902
1035476811
1035558962
1033438483
1035476814
1035558917
1035416593
1035559581
1034709184
1035416910
1035418211
1034346925
1035526340
1034346704
1035558920
1032813096
1035559599
1035232813
1035479121
1034292856
1035479135
1035479056
1035476951
1035479125
1033125142
1033992217
1033125707
1035559298
1033435645
1035555573
1035558853
1035538846
1035232743
1033998592
1033998578
1033998441
1035528669
1035564174
1035565027
1033433505
1034243394
1035418264
1034185822
1035558834
1034680376
1035476036
1035540255
1035476907
1034360013
1035529061
1034613781
1035534012
1035559571
1035417544
1035528954
1035558119
1035558116
1035558117
1035558124
1035417753
1035418077
1035418078
1035417768
1035232816
1035559308
1034343783
1034343546
1035558132
1035233976
1035555381
1035528596
1035478765
1033017461
1034096565
1035479330
1035418070
1034642529
1035539115
1034682784
1034680369
1034866046
1034336953
1035531139
1035526276
1034698966
1035559414
1035555333
1035534017
1035478760
1035476797
1035530821
1035418342
1035534190
1034360699
1035555429
1031886614
1035528921
1034293105
1034292737
1032846594
1033999037
1034337083
1035559602
1034717088
1035476379
1035558877
1035477110
1035559364
1035555091
1035528688
1035478778
1035539675
1034680153
1035478851
1035572071
1035478998
1035558899
1035558796
1034001411
1033998729
1034698710
1035417859
1034698756
1034217757
1034698747
1035416520
1034000611
1032911049
1035526381
1035540054
1034000103
1035572072
1034360574
1035555175
1035258996
1035418450
1035555599
1035555597
1034698722
1033433266
1034698744
1034698734
1033604837
1034698745
1035526431
1034611581
1035526029
1035086297
1035086312
1035536456
1034719491
1035520119
1033806348
1034719504
1034642562
1035571996
1035555295
1035535123
1034360626
1033943202
1034360616
1033998222
1035559292
1035572079
1035536461
1035526401
1033989543
1035571361
1034351159
1035574639
1034699124
1035559275
1035415799
1034664445
1035555602
1035476280
1035527196
1035536464
1035086296
1034699146
1035534233
1032839885
1035555035
1032900565
1034073116
1035529355
1035526392
1033989355
1034642497
1035540245
1035528956
1034699193
1035531044
1035479504
1035534215
1035534503
1035538813
1035478971
1035526334
1034718876
1035560689
1034719247
1035526394
1033995755
1035528665
1035415089
1035479473
1034698760
1035559274
1035418075
1035479505
1033849935
1035479476
1035479640
1033982788
1035572115
1035415084
1034282169
1033731220
1033980723
1035540197
1033928224
1035418215
1034699150
1035535175
1034613869
1034699178
1033955849
1033994344
1035559315
1032895207
1032895279
1035416714
1033976665
1035535105
1035530857
1034343524
1035416907
1035572089
1033016352
1033016405
1035232650
1033968273
1035526454
1034073070
1035540143
1035558857
1033989347
1035564162
1033954566
1035414944
1033954099
1032959592
1035536031
1034360169
1035418271
1035564163
1035540313
1035558855
1035416882
1033990078
1032887180
1035538814
1034718508
1035559341
1035572103
1034002279
1033973968
1034220521
1034336869
1035535818
1034229441
1035574057
1035564164
1035476203
1035538871
1033952426
1035418124
1034709183
1035418229
1033947573
1035559395
1035573889
1035418231
1035573888
1034642511
1035573914
1035536032
1035564448
1035526457
1035559583
1035573900
1035475987
1034680238
1032967656
1035573935
1033965816
1034717178
1035539698
1035558875
1034719397
1034336948
1035414918
1035572066
1035418123
1034718560
1035534186
1035564449
1034000182
1035414920
1035414923
1035538851
1034642480
1032965053
1035417910
1035417908
1034217761
1035559411
1034343517
1035531101
1035479364
1035574099
1035418113
1035476003
1034199638
1035416024
1034614148
1035559415
1035416023
1034698809
1035558876
1035573929
1033994598
1035414917
1035232747
1034921901
1034921920
1034003569
1035556055
1034719635
1034699011
1035479602
1034343426
1035528974
1035528982
1035418317
1035232732
1035559797
1035540236
1035232734
1034699009
1035086119
1035572054
1035526069
1035555338
1034225820
1035558888
1035415105
1033112671
1035479196
1033393242
1033393339
1033394754
1035232798
1035529088
1035556049
1035555316
1035555315
1035555317
1031916648
1035416020
1034680437
1035558871
1035416073
1035535849
1035559426
1035415537
1035529116
1035558135
1034134703
1035232723
1033712198
1033016104
1032960355
1032894097
1035539309
1032948429
1034385617
1035540334
1035540229
1035090366
1033990357
1033592122
1035559759
1034346387
1035416828
1034346348
1035233966
1034336876
1035556099
1033998881
1035417022
1035555015
1033998015
1035558883
1032894894
1035559401
1035555324
1035559402
1035476389
1034150984
1034147992
1035559828
1034151342
1034362011
1035526435
1035555161
1034666018
1035539733
1035233972
1035564157
1034718861
1034337272
1031917013
1034337212
1035414927
1035531041
1034421243
1035526461
1034698846
1035555587
1034117831
1035418008
1035572005
1035417084
1035559702
1035540067
1035232808
1035555314
1035534205
1034682796
1033994047
1035527174
1033991120
1035556071
1033994194
1033493574
1035417656
1033015921
1035476164
1034360293
1035559770
1034154653
1033993848
1034611391
1033120068
1035531020
1032951501
1035555062
1034682836
1035540137
1035535091
1035526458
1031830804
1034699034
1035086113
1035234119
1035526251
1035558102
1033120458
1035573894
1034683033
1032839954
1034682857
1035555322
1035416827
1034421246
1035536482
1035479249
1035574608
1034360284
1035529123
1034614462
1034088832
1035234087
1035565035
1035527229
1035572077
1034914870
1034343926
1035414951
1035538811
1033989757
1032840602
1034282457
1032895376
1035538829
1034123135
1035538822
1033944226
1035476551
1035527172
1032837880
1032837974
1035538863
1033944209
1035540004
1035539996
1033998940
1034133047
1035538892
1035526202
1034421248
1033999063
1035476023
1034027678
1035234137
1034680415
1035235674
1034680416
1035415369
1035560707
1035235705
1035556062
1034699200
1035234012
1034699132
1035416177
1034717139
1032911893
1035418274
1033619838
1035539644
1035234040
1034109200
1034000118
1035415007
1035556084
1034217801
1035529047
1033618885
1034002374
1035529067
1034002383
1034680493
1035558874
1035573902
1035559596
1034680455
1035571973
1035555141
1035559586
1035572095
1034001770
1035415384
1035555138
1035415030
1034683046
1035478838
1034134920
1034335793
1035478837
1034306992
1035086306
1034719075
1035086304
1034719425
1033943131
1035086300
1034105538
1035415036
1034359547
1035571556
1034151487
1034719249
1035086177
1034359558
1035530989
1035415040
1035417640
1034666036
1034360329
1035415368
1034614347
1033943119
1035531018
1035417259
1035556175
1034664325
1035555154
1035555166
1035234005
1035417894
1034336802
1035417870
1035417899
1035572104
1035571593
1035086110
1035086106
1034088286
1034698724
1033996620
1033989396
1035476771
1035530873
1035528576
1034110511
1035530872
1035478822
1035530863
1035555591
1035530867
1035571563
1035530870
1035530859
1035530862
1035530868
1034719701
1034376098
1035573965
1035573966
1034360339
1035555428
1035571610
1035571616
1035528691
1034708761
1034064681
1034698723
1034698758
1034698743
1035571971
1035232753
1035476676
1034664382
1035540296
1033926113
1034114791
1035574060
1035539749
1035571617
1035476281
1035416304
1035418375
1035476230
1035556061
1034359343
1034680613
1035559519
1035571618
1035534140
1035559322
1035414912
1035555293
1033017255
1034347566
1033400093
1034708781
1034708811
1034336816
1035417150
1035529053
1034095082
1035479320
1034699143
1034130837
1031871175
1031871299
1035538917
1031874394
1035538925
1035559307
1035573963
1035418201
1035417293
1035478918
1035478926
1035414946
1035417260
1035556067
1033177334
1033177075
1033177613
1033177818
1035416189
1035476675
1034666020
1033358454
1035417676
1035555291
1034337173
1033990020
1035555301
1034665981
1034718322
1034642250
1035479013
1032813027
1034708744
1035536416
1034708785
1034708787
1035528677
1035526067
1035555181
1035416072
1034335914
1034708799
1034072481
1034134921
1034337140
1035560676
1034307057
1035558804
1035536062
1035558816
1035415800
1034134923
1034361960
1035415019
1034664244
1035415018
1035536421
1034307060
1035415713
1033620096
1035558139
1035415755
1035416955
1035555569
1035559811
1035555153
1035415020
1035555330
1034665862
1035559587
1035555299
1035416449
1035539244
1035417495
1031908832
1035574095
1032813985
1033969375
1035538899
1034014635
1034613426
1032900012
1032813193
1033990925
1035528975
1035529095
1035232768
1035232783
1035556066
1035526460
1035556065
1035555341
1035479206
1035417805
1032838233
1033910351
1032813585
1034373107
1035476765
1035416242
1031886587
1033985061
1035559348
1035538795
1035529111
1035571705
1035559420
1035415062
1035476550
1034110856
1035571584
1034719577
1035558830
1032963368
1035529028
1035559936
1032966097
1035527111
1035520114
1032240377
1035476713
1034719421
1035417915
1035417999
1035534152
1034421141
1035559757
1035529089
1034718856
1035530786
1034682839
1034664366
1035418359
1035533974
1034087946
1035529075
1034217838
1034099424
1035417824
1032968214
1035416545
1035416525
1035559763
1035416513
1034682830
1032967449
1033618597
1035527173
1034682862
1033976602
1035571565
1033620001
1034335424
1034298500
1035416536
1034718701
1033930274
1032947990
1033926763
1033974876
1032944853
1035555596
1035533983
1035520145
1035556075
1034088075
1035479034
1035535124
1035416565
1034084308
1035539682
1034642468
1035555163
1035477095
1035416125
1035555353
1035559758
1034664371
1034335130
1035559545
1035556059
1033017979
1034421195
1035540222
1035417905
1034664396
1035234111
1033993540
1035558187
1033993625
1035529077
1032944315
1034497846
1035793982
1032960434
1035793983
1035530846
1035536408
1034376025
1034421199
1035416833
1035416830
1035416837
1034374698
1034362096
1035416842
1035416978
1035417760
1034002654
1034664368
1034421257
1035479394
1033998340
1035415016
1035556176
1034131397
1035574844
1032837598
1035539753
1035539678
1034664391
1034421259
1035526271
1034698979
1035234126
1035416124
1035415950
1031916761
1035415952
1033057670
1031916107
1035555382
1035529360
1035417809
1035476942
1034665791
1035415951
1035529119
1034075685
1035558105
1035417264
1035529412
1035476135
1034088219
1035415354
1033397532
1034719541
1035560703
1035418226
1034154920
1035572046
1035416560
1034708803
1035560745
1035528599
1033180935
1035558122
1035479414
1034003411
1034088183
1035528696
1035539152
1035476970
1033118932
1035564165
1033119970
1034025643
1035555102
1035559396
1035476779
1035476820
1033989313
1035417826
1035555389
1035559355
1035534111
1034665850
1035534132
1035559605
1034613849
1032840950
1034708776
1034708790
1035479525
1034281452
1035479526
1035558864
1034664461
1034665865
1035479541
1034134913
1034665882
1032948717
1035564148
1033018043
1035235691
1034709059
1035555392
1034719531
1034719525
1034709020
1034335590
1033968732
1034360087
1035416656
1034334848
1034026128
1035534157
1032837819
1035526379
1034719201
1035417359
1034000522
1035536006
1034351110
1035536002
1034583507
1034664404
1034376250
1034698818
1035534149
1033015934
1033016754
1035573898
1034579305
1035555345
1034579153
1035526154
1035417203
1035476810
1035418488
1035476686
1035558829
1035479159
1034028176
1033018364
1035416160
1034064632
1034531816
1034666021
1035477006
1035530840
1035534234
1033152582
1034718533
1033944163
1034003433
1034698697
1035415934
1035417516
1035540403
1035536025
1034680271
1034664466
1032951626
1034374455
1035477007
1034680158
1034283972
1032838104
1035414982
1035565041
1035414979
1035573953
1035528894
1035526315
1035417643
1034680365
1032960698
1035416747
1035416687
1035232698
1034220482
1032838129
1034012647
1034719538
1035476812
1035416163
1035416165
1035539770
1034664489
1034332914
1035538894
1035556171
1035478770
1034373539
1035534168
1034151142
1034664231
1035476792
1033017407
1035539735
1034665883
1034680131
1034336980
1035418480
1034664277
1035531067
1035530842
1034664253
1034071657
1035559400
1035559584
1035574047
1035533986
1035540259
1035534429
1035417045
1034012393
1034698970
1035536056
1035526216
1035535751
1033819636
1035535100
1035559437
1034699169
1035414966
1034360502
1035414971
1034015172
1035540184
1035574064
1034361002
1035530853
1034361312
1034110754
1035417246
1034718675
1034361053
1034217794
1035417263
1034306938
1035415516
1035417386
1034376189
1034376239
1034375032
1035477085
1035415995
1034002323
1034664274
1034337338
1035416180
1035417639
1034497359
1035558906
1035417402
1034331828
1034664463
1034682801
1035540301
1035477090
1035476016
1034373374
1035416025
1034680142
1034665993
1035476009
1034361333
1034664490
1034360995
1035528916
1034719451
1035558945
1034680460
1034088938
1034698958
1035526058
1034698822
1035564172
1035558885
1034360946
1034358962
1035558968
1035416179
1035559277
1035479202
1035232695
1034665963
1035555592
1034664344
1034331728
1035531117
1034359109
1034068382
1035560758
1034332493
1035417608
1035417609
1035555311
1035558963
1034664364
1034680465
1035416270
1035526222
1035479154
1034680029
1035530833
1035530817
1035415956
1034613933
1035417970
1035416076
1035416079
1032837645
1035418032
1034360927
1032966638
1033015733
1032969370
1033486631
1035538830
1035479236
1034533507
1035418213
1035558930
1034115075
1035536042
1035540200
1035479063
1035418068
1035415108
1035417985
1034614300
1033435713
1034718713
1035418246
1034718712
1035540007
1034095072
1034385358
1035232722
1035475982
1035531084
1035573975
1035415960
1034698764
1035415101
1034360910
1035534003
1035478813
1035479554
1034330866
1033592621
1035418062
1034680608
1035558106
1035534144
1035416372
1034664407
1035418057
1035529352
1035232719
1035529070
1035558125
1035558126
1035528919
1035476338
1035479279
1035558130
1033015788
1035558131
1035478840
1034719717
1035531075
1035555336
1035558133
1035528935
1034343687
1035527141
1035234076
1035555380
1034718778
1035479270
1035418405
1035478761
1034718796
1035232714
1034718797
1034360672
1033017630
1035526456
1034360685
1035478957
1035476013
1034293534
1034682768
1033060001
1035478959
1035540425
1035574710
1034682775
1034680290
1035418303
1035535106
1032912954
1034532286
1034064222
1034072688
1035415824
1034072503
1035479370
1035417604
1035555334
1034698980
1035417617
1034698981
1035241392
1034055983
1035530822
1034679902
1035476318
1035417987
1035555430
1035418362
1032989164
1035534194
1034698820
1035417732
1034719653
1035558965
1035558862
1035568027
1033488509
1035534208
1035556094
1035232657
1034642573
1034698992
1034719539
1034642545
1034360813
1035559651
1034710936
1035478855
1035478849
1035478995
1035534219
1034698986
1034134929
1035232664
1034717097
1035558197
1034135063
1033935081
1032900487
1035558202
1034698736
1035559654
1034698746
1035536432
1034709174
1035536431
1034611544
1035476102
1032900447
1035418331
1034666033
1034331903
1034332073
1035528948
1035555178
1035523849
1034698720
1034698735
1035418424
1034699018
1035479369
1034360633
1035556163
1035536472
1034698701
1034611423
1034421219
1035476106
1034719498
1035536457
1034719507
1035558890
1034292713
1035414933
1035572045
1035418136
1035479399
1034699060
1034719495
1032839545
1035417523
1035572038
1035417775
1035536458
1034665856
1033967360
1035540084
1032906801
1032900326
1035534119
1035572080
1032839967
1035476173
1035416555
1035478994
1034361061
1032907864
1032908431
1032894824
1032894925
1034286447
1032894748
1032895006
1033123717
1032840315
1033124765
1035534026
1034134934
1034699196
1034699194
1035534492
1035415802
1034285222
1035539149
1035535994
1034344572
1035539180
1035414963
1035555557
1035259168
1034642499
1035414970
1035534419
1034680403
1035540213
1035416263
1035526322
1035559762
1035528923
1035538839
1034360622
1035559903
1035559345
1034282300
1035479477
1035559685
1035479490
1034699080
1032812989
1035478859
1032812658
1032840449
1032891484
1032812539
1034279834
1035526466
1032841180
1034680025
1034664431
1035529356
1035535098
1034699165
1034698771
1033981014
1035539694
1035534110
1034611675
1035535173
1033978965
1035535177
1033997969
1035535178
1035559360
1035555147
1035555142
1035414949
1032841157
1032895059
1033977370
1035574646
1035527177
1034265240
1033955514
1032952366
1032960246
1032960048
1034664399
1035572106
1035559527
1035540256
1033976593
1035572113
1035572099
1034133423
1033600789
1034055930
1035538808
1034088152
1035526441
1035416899
1033974628
1033974619
1035417532
1035538840
1033953837
1035559300
1035572053
1035414964
1033101912
1034642569
1034642513
1035526408
1034360176
1034360206
1035526410
1035416255
1033974145
1033973859
1035540297
1033973946
1034346595
1034282314
1035538819
1035574074
1032966070
1032967187
1035528873
1035559405
1034719270
1034708831
1034642576
1032895342
1035414915
1035538866
1035573903
1034611347
1035417528
1035572061
1034719375
1035559325
1035415033
1032944249
1035416738
1035527121
1034719392
1035527186
1034227654
1034680235
1035416725
1035573947
1035416920
1035232700
1035526450
1035232764
1033955331
1034718653
1034717207
1035529350
1035530829
1032947700
1032907998
1034088682
1035555182
1035418053
1034358899
1034359972
1034665924
1035232730
1035232666
1035528863
1035526453
1035528859
1035415111
1035555287
1034698989
1034336925
1035417911
1032961740
1034343505
1034227740
1033178441
1035572062
1035573899
1034177646
1035538835
1034613989
1034698687
1034614103
1035232694
1035555593
1035571993
1035479613
1034718674
1035418300
1035417875
1035520129
1034680234
1034003652
1035572006
1035476978
1035232746
1034921926
1034360467
1034227687
1034344957
1035527159
1034307048
1034642581
1035479623
1035415070
1035558966
1035538860
1035538857
1034337391
1034664316
1035540233
1035232787
1034698996
1034155169
1035535764
1034003629
1035232793
1035538903
1035476029
1035526390
1035535912
1033112580
1034351305
1035415023
1035417225
1035526384
1035540043
1035572032
1034699007
1035526465
1034642552
1035416676
1035559407
1032813229
1035535113
1035535948
1032961592
1035535952
1035527192
1035539231
1035529124
1034131056
1032840737
1034346251
1033017332
1035415122
1034346275
1032945154
1035526333
1034718905
1035415548
1034351424
1032081015
1034611394
1035529037
1034642360
1033176884
1033156893
1035528579
1035476375
1034665707
1033020095
1035415037
1033031504
1033989272
1035540371
1035523813
1035523810
1035232797
1031655705
1035523815
1034336760
1035415356
1035476347
1034680582
1031962887
1035540238
1035529039
1033446650
1035559427
1034151355
1035232648
1035564156
1034717093
1035528567
1035529029
1035559362
1033031546
1035539664
1035232810
1034336934
1033111810
1035531039
1034698848
1035415816
1034614339
1035418010
1033030186
1035556073
1035556072
1034682773
1034699077
1035564171
1033994063
1035555176
1034718680
1033015867
1033710267
1035539213
1035559687
1033015589
1035415065
1035479405
1035234089
1034682838
1034336826
1033119798
1035234115
1035528699
1035528551
1033993887
1035416139
1034699033
1035523786
1035417090
1034699130
1035523793
1034243602
1035414942
1033998954
1034243656
1035259062
1034360273
1034665895
1035559516
1034682820
1035539766
1035538794
1033945130
1035535747
1034265258
1035476191
1035528857
1035415973
1035476188
1034665741
1035476218
1035527153
1035539784
1035086348
1034123319
1035233975
1034611801
1035233969
1034915027
1035538812
1034699109
1035476216
1035559899
1035538825
1034281410
1034281212
1031914900
1032837782
1035526204
1035535830
1033618383
1034533795
1034719432
1035539759
1035414976
1034665840
1035526205
1033998432
1035571357
1035536026
1035540218
1034717134
1035539173
1035527180
1035539774
1035535991
1034133509
1035476079
1035479593
1034717208
1034699047
1032911535
1035539323
1035232632
1035531071
1035476197
1034719667
1035558863
1034719650
1035560680
1033600661
1035555123
1035529069
1034718862
1035529046
1034719659
1032969880
1034350940
1035415374
1035571358
1034002342
1034665762
1034680060
1035535807
1035539741
1035571360
1034680049
1035571362
1034147558
1035555319
1035535785
1035415383
1035417652
1035416957
1035559276
1033604518
1035559908
1035540041
1035540040
1035531055
1035523800
1035531046
1034665718
1035556081
1035417224
1035539791
1035234068
1035416067
1035540134
1035523797
1034717169
1033177665
1035416060
1032961969
1034327499
1035415983
1035540051
1035232656
1035555159
1035527154
1034718355
1035232663
1035531011
1035531012
1035573885
1035559585
1034719526
1034719524
1035536080
1035531008
1035476800
1033998041
1033998140
1035559909
1035560736
1033994938
1035417334
1035555171
1035559790
1035530866
1035530871
1035530874
1034698740
1035415099
1035530860
1035478981
1035555172
1034680012
1035478836
1033936826
1034642467
1035527128
1034718503
1034708749
1034698732
1034698733
1035232697
1035527116
1035556096
1033989046
1034015189
1035416303
1035571611
1034614633
1035540107
1035476232
1034680546
1035540031
1035559590
1035571581
1035520121
1034110790
1033397957
1035534024
1035559760
1034708767
1034708756
1035534227
1033017107
1035540130
1034347517
1035478743
1034664333
1033400228
1035234093
1034699076
1035571659
1033017557
1035479342
1034075817
1033986756
1035538906
1034497801
1033986725
1033131676
1035479291
1035534421
1035076793
1031965808
1035418044
1035417948
1035232684
1035477037
1035418196
1035539108
1035528577
1035560683
1034682835
1034072730
1034682826
1034718659
1035478921
1035418040
1035476928
1035555296
1034717226
1034717308
1034532443
1033973516
1034376260
1034220502
1035559612
1035417179
1035416609
1035536076
1035527221
1032841291
1035536415
1034718490
1035479064
1034708775
1035540326
1035415971
1035571359
1035414987
1034708847
1035559955
1034708806
1034708826
1035417720
1035418493
1035526266
1035235686
1035418356
1035418367
1035560675
1035417464
1034708817
1034642251
1034122363
1033646136
1034708770
1035415507
1035530987
1035232737
1035558817
1034336862
1035525996
1034129690
1033876135
1034370717
1033600613
1035414929
1035415011
1035538901
1035559812
1034286222
1035556050
1035479036
1035527216
1034642310
1035555014
1034642300
1035415038
1035476799
1035536486
1035479227
1031908750
1034085198
1033928253
1034532658
1031908874
1034082108
1031908815
1034307008
1034081564
1032813693
1035415032
1033612111
1034001940
1033604543
1032813307
1034664380
1033605714
1032839330
1035528983
1035540330
1034376198
1035476960
1033986072
1035529062
1033246572
1035559754
1035417803
1035417806
1034337119
1035416031
1035535182
1035417509
1035416994
1034015766
1035559347
1034642351
1034699123
1034345267
1035538791
1035478815
1031876850
1035414950
1035559523
1035555129
1035414959
1035540277
1034719578
1034375872
1034719575
1034352319
1034336831
1035416926
1035558828
1035528964
1033978887
1035415942
1034612201
1035558138
1031621536
1035414977
1033930371
1035232660
1034346474
1032841748
1034360308
1035417914
1035571585
1035539140
1035538858
1035555344
1035414994
1033619090
1035418003
1035559765
1035571586
1034642326
1034089010
1035414992
1035559556
1035571768
1035414993
1034336966
1035574683
1034698951
1035415102
1035418047
1035479052
1035527113
1033592157
1034217799
1031908963
1034336895
1032969972
1034345614
1035415002
1034343952
1035417792
1034343943
1035528917
1035476973
1034664245
1035086264
1034292371
1035520135
1035479100
1035539317
1035232638
1034335548
1035417953
1033618501
1035533999
1032944355
1032947817
1032944967
1034613654
1035479167
1035535860
1035560757
1035415028
1035534430
1035536068
1035535748
1035536067
1035534425
1035540013
1034180389
1035574633
1035416083
1035559435
1034718879
1034421148
1033433430
1034642466
1035529031
1035418101
1035555150
1034719073
1035559287
1035417035
1035535873
1035535871
1034699218
1035560692
1034376252
1035416090
1035415979
1034421208
1034343766
1035415385
1033995023
1034717197
1035558186
1032947361
1033153036
1032948822
1035417542
1033177018
1035418105
1034027258
1033488348
1031916913
1035418346
1034664406
1033176958
1033989550
1035555164
1034664259
1035416838
1034374706
1035416834
1035416843
1034666009
1034082493
1034421217
1034421253
1035416689
1034335898
1034421201
1034665724
1035559810
1035415112
1034088131
1034664389
1035415953
1034664385
1035415768
1034081917
1035414983
1034664387
1031916132
1034665749
1035560740
1034335115
1034335020
1034335034
1033016044
1034665673
1035555384
1035526080
1034333486
1034665733
1034719223
1034665736
1034665731
1035417810
1035417811
1034665787
1035523837
1035523838
1035529034
1035523842
1035539992
1034665796
1035555329
1035529035
1033398937
1033117917
1035528984
1035232645
1035418227
1034708738
1034665829
1034134911
1035235692
1035536471
1035527199
1034025636
1034719188
1035574822
1034026539
1035528867
1034664229
1034665835
1034642483
1035415026
1035558901
1035529374
1034665847
1035086164
1033019402
1034285183
1034699133
1034117693
1035479509
1035479524
1034718869
1035479530
1034719248
1034682804
1035416383
1035414968
1034333305
1035476446
1034665885
1035417291
1032944048
1035416951
1035417817
1032951995
1035564152
1034665892
1035535802
1035417312
1035540018
1034665904
1034034364
1033969047
1035416019
1033995327
1034708944
1034344163
1034134930
1034001437
1035162224
1035416655
1035528874
1034001397
1035528693
1035534159
1035417204
1035526345
1035526123
1034718511
1034708986
1035528640
1035574674
1034333441
1035478721
1034710522
1034110580
1035526162
1035534422
1035476509
1035417205
1034709036
1035571751
1035417238
1035416162
1035479438
1035529066
1033018534
1032166075
1035558847
1035416074
1035560723
1035558846
1034533471
1035418104
1034666025
1034666019
1034334604
1034718590
1035526171
1033152428
1035418468
1034718528
1035560733
1034154859
1034664485
1035479635
1035479287
1035540407
1033711392
1035540418
1035558819
1035558826
1035560751
1035560700
1032951789
1035535791
1034374383
1035535794
1035477121
1035535795
1034679873
1034664446
1034664468
1035529346
1034351063
1034682891
1032899970
1034012812
1035526267
1035415090
1034719315
1034095142
1034664486
1034680507
1035479078
1035479070
1035415013
1035572057
1035560771
1034718667
1035556173
1032913020
1035556172
1035559559
1034718609
1034072380
1035417441
1035416142
1035476213
1035416106
1034012529
1035528888
1035416145
1035535958
1035534163
1033143312
1035526452
1035476300
1034664376
1035560721
1034026117
1035531059
1034642571
1034121886
1035526056
1035558859
1034719676
1035572065
1035540365
1034117486
1035417848
1035479358
1034666041
1034025705
1034699036
1032968950
1035534118
1034699081
1034307197
1035417177
1035418414
1035538842
1034109290
1034361277
1035417256
1034362167
1034361300
1034709189
1033849826
1034680341
1033029965
1035417290
1034719599
1031689346
1034335953
1035540374
1034708722
1034680123
1034110773
1034666005
1034086495
1035531140
1034717087
1035523833
1034664458
1034680147
1035523835
1035477106
1035558838
1034376034
1035535128
1034360475
1034709146
1034532296
1034361990
1034680475
1035559544
1034680401
1034680165
1035418049
1034499241
1034155132
1034664491
1035528646
1035572044
1033711199
1034064446
1035558910
1034680281
1035559537
1035476015
1034699245
1034333472
1034336971
1035558886
1035558836
1035560760
1031657444
1034611384
1034358940
1035232728
1034332289
1035538847
1035526236
1031672191
1034332150
1034068678
1035528668
1035234055
1035418072
1035528926
1033997357
1035418076
1034359986
1034680427
1035479099
1034359565
1035559575
1034359981
1035417525
1035540090
1034680435
1034699240
1033994054
1034331194
1033394582
1034330892
1035558870
1035559332
1035416873
1034709172
1034072820
1034327089
1035540150
1035528660
1035418115
1035479239
1035558954
1035476486
1035558167
1035479214
1035558927
1032967711
1035479130
1035417667
1035558935
1034100020
1033593102
1035558175
1035555565
1032841932
1035558156
1034698797
1035558182
1034698786
1035558158
1035418250
1035527220
1035558178
1035417972
1034346682
1034028354
1034385403
1034698788
1035234136
1035232726
1035418251
1035475981
1035418247
1034298472
1034327354
1035418269
1033156865
1035232716
1035476234
1034360893
1035086299
1034360822
1034360829
1035476007
1035526121
1034293821
1035418060
1035556170
1035418258
1035540230
1035558107
1034360022
1035534015
1035530780
1035232717
1034343872
1035558129
1035520152
1035232782
1035417757
1033016600
1034698949
1035476332
1035414910
1033016998
1034279737
1035528937
1035479289
1035234073
1034178623
1034718791
1035476354
1035417862
1035555383
1034718792
1034642373
1034698670
1035539197
1034642393
1034243535
1034680293
1035232740
1034679940
1034293113
1035418332
1034014753
1035416176
1034698644
1034285630
1035476101
1034666042
1034666044
1035572008
1034080908
1034332182
1035534222
1035534472
1035417390
1032841549
1034717305
1035478847
1035534189
1035241393
1035418358
1035476320
1035534193
1035476322
1035534188
1035418335
1035478755
1034392858
1035559648
1035560686
1033998905
1035559422
1035478777
1034374742
1035476381
1033593234
1034374013
1035534210
1034665742
1032838416
1035478842
1035539715
1035534411
1033998378
1035534197
1034292494
1034243292
1034664305
1035417388
1035414924
1033509221
1032839240
1034680544
1033123902
1035571961
1034337186
1034292743
1032900153
1032908231
1035418329
1035417611
1035535945
1035232671
1034642434
1034642463
1034699003
1035555600
1034642475
1035555598
1035558960
1034642469
1035021829
1033973547
1034330927
1035528575
1033973522
1035086440
1035418431
1034360664
1035418439
1035528949
1035526025
1035086163
1034579023
1035259212
1034285714
1035528951
1035418131
1034286515
1034719490
1035249467
1032813735
1035528555
1035478830
1035529131
1033999543
1033410246
1034330917
1033967347
1035533995
1035558948
1035555302
1035559283
1035539787
1034285877
1035559445
1035534230
1032900531
1035086432
1035418499
1032894788
1032894971
1032906963
1032907029
1034282508
1035478965
1034285414
1032843560
1033966104
1035479481
1033398869
1035479488
1035559747
1035538807
1035417994
1034282288
1034718467
1035538818
1034265156
1035415350
1035415940
1034679933
1035416312
1035538838
1035535099
1034699134
1034699166
1034283964
1035479332
1034003563
1032887008
1035535155
1035535154
1035535755
1034664433
1035538779
1034664423
1035415109
1035535081
1033982457
1034089854
1034664432
1035535164
1034265187
1035535773
1035535157
1035535160
1035572098
1034327164
1035416441
1035574638
1035558101
1035416671
1035526402
1032840880
1032840779
1032895103
1032895163
1033977349
1034865607
1033731310
1035574665
1033976674
1035414909
1035530855
1035572096
1035574678
1035528967
1033976590
1032894861
1035232659
1032965095
1035086386
1035416652
1035527182
1034710562
1033974924
1035416898
1035559385
1033955106
1035559358
1035417822
1034717151
1034665771
1034611745
1035414975
1035559885
1033974013
1035416254
1033973976
1033973962
1034682848
1035416321
1034360610
1035476918
1035525968
1035417538
1032966896
1034642510
1033947439
1032989896
1034613857
1035232677
1035476111
1034680600
1033945795
1035559326
1035528969
1034220556
1034611755
1035418310
1035559366
1035414997
1034220560
1035476043
1035232686
1035476083
1035232687
1032945216
1034717203
1034717164
1035530827
1035530828
1035232699
1035534174
1035534177
1035539235
1035417977
1034708906
1035417835
1035572068
1035476022
1035539748
1035528858
1031915874
1035538910
1035415103
1034698988
1035232675
1035232707
1035416984
1032964675
1035416982
1035534185
1032964970
1034028271
1035540344
1035574052
1035414921
1035559416
1034220524
1034072721
1035418114
1034220558
1035476764
1034614022
1035415004
1034614062
1035535840
1035528971
1033930080
1035529377
1035534127
1035539776
1035559383
1035479197
1035479119
1035534134
1033020771
1035232742
1035526274
1034003560
1035534207
1035534181
1035534199
1035417980
1035232815
1034719669
1033928829
1034642588
1034343429
1034337429
1034680282
1035529092
1035232759
1034699012
1035555012
1035574058
1034176438
1034698991
1034698765
1034680279
1035232745
1035523804
1035416999
1035535927
1033077495
1035415022
1035526387
1035556168
1035415371
1034612258
1034088169
1033930248
1035535812
1034699002
1033930240
1035540048
1035416435
1035556095
1034292720
1035530803
1035535784
1035534239
1035539321
1035558872
1034680022
1035417649
1034680058
1034664426
1034186664
1035535864
1035417650
1034699045
1035535961
1034680055
1035232823
1032911722
1035415348
1035417655
1035535834
1035417912
1034699203
1035232814
1034362029
1035416691
1035520116
1035232832
1032894638
1032912590
1033676348
1035086380
1035531000
1033998156
1034642363
1035574851
1033176836
1033176930
1035232777
1034350177
1034421293
1035555013
1035418099
1035415377
1031867812
1035559540
1035558884
1035559541
1035476388
1035535881
1034351350
1035476371
1035555157
1035530792
1035234067
1035530796
1034709181
1034148351
1034698974
1034666010
1032961102
1035232775
1034147958
1035415049
1032961006
1035232760
1034154712
1034151410
1034699091
1035414928
1035086879
1035559744
1035415975
1035479172
1035479208
1034698836
1034699154
1035416509
1034682818
1034680330
1034682797
1035414986
1034122485
1034122166
1035520115
1033015761
1035414931
1035476404
1035526429
1035559443
1035232820
1035555355
1035234072
1035558842
1034680382
1035571772
1033804561
1034292984
1033509342
1032813060
1035478967
1035555078
1035523787
1035233960
1033998999
1035233951
1035417166
1035531051
1035526235
1035531123
1032838984
1033588144
1033588126
1034665896
1035559371
1035536479
1035530806
1035538788
1035538792
1035568826
1035479250
1033435740
1035476692
1035234108
1034665806
1034147607
1035539762
1034088197
1034642234
1035531125
1035534173
1035559529
1034915050
1035233981
1035539786
1034282258
1035233977
1032887929
1035523791
1035477010
1035477011
1035526064
1035414965
1035478775
1035476274
1035478776
1035526206
1034133237
1034423013
1035559534
1035540017
1035529103
1032961041
1034611468
1035530813
1035479645
1035415042
1035417055
1035479639
1035476055
1034072742
1035479591
1035479598
1034717140
1034135021
1035476035
1034106546
1035476548
1035476028
1033019218
1033410509
1034292486
1034642390
1035527117
1035555143
1035556085
1033131926
1035556083
1035476257
1034642414
1035556082
1035556086
1035415021
1035415347
1035415015
1034719687
1034719656
1034665709
1033593245
1034719644
1034002391
1034698882
1035234051
1035234050
1035415064
1034642256
1035560694
1034583897
1035528590
1035571381
1035571557
1035558879
1034642287
1034642296
1034027371
1035527222
1034680520
1035555126
1035417657
1035555127
1035555151
1035540038
1032911652
1035539727
1034665767
1035539794
1035416968
1035523799
1035571554
1035416064
1032961343
1035234090
1032961505
1035479177
1035478774
1034699244
1035540055
1035555167
1035555139
1034131479
1035415623
1034100153
1034327024
1035556088
1035415071
1035531009
1031621509
1035527122
1034642433
1035416046
1035559391
1035416052
1035416071
1035416506
1035234057
1035531006
1035415524
1034698955
1035535846
1035555174
1034337193
1035530861
1034003473
1034611729
1035530876
1034026272
1035527146
1035571578
1035573968
1035232647
1035418306
1034072322
1034026195
1034072442
1035414980
1034026552
1035234112
1035559601
1031609274
1033399611
1033989262
1033989232
1035535825
1034016231
1035417109
1035234129
1035476231
1035476707
1033394939
1033112104
1035571370
1035540128
1034698942
1034359260
1035234147
1034352240
1035232834
1034352259
1034352276
1035234092
1035476954
1035540262
1034664430
1035540261
1035540266
1035535104
1034347641
1034708768
1034347591
1033399974
1035555183
1035232636
1034664336
1035555184
1035478742
1035520158
1035555185
1035232679
1034665831
1034710551
1034708758
1035417868
1035232653
1035476935
1033986783
1034130897
1035479334
1035235678
1035232667
1035479256
1035571621
1031966596
1035415969
1031966042
1035417615
1035535136
1035538913
1033988988
1035534123
1035418159
1035477076
1035414935
1035416381
1035477087
1035571956
1034376193
1034666016
1034642247
1035417074
1034680312
1033410076
1034014682
1034708754
1034026374
1034374811
1035535115
1035534195
1034286190
1034286057
1034718660
1035555300
1035538831
1035536414
1034351328
1035479016
1035417951
1034642245
1034709011
1034100135
1033989929
1034028368
1035528578
1035574096
1035418501
1034679993
1035418494
1035418365
1035535789
1035555310
1033973493
1035479068
1035415010
1035527169
1035559353
1035560682
1035525989
1034104804
1035555307
1035477140
1034087386
1033970175
1034665903
1034665901
1034665898
1035558805
1035558814
1035555292
1034122144
1035558806
1035531127
1035555152
1035416903
1035520120
1034292439
1033930361
1035414932
1035415029
1035417349
1035235708
1035526174
1035555327
1035417474
1035555326
1035534006
1034285756
1035415502
1035415513
1034367586
1032839660
1032813269
1032813792
1034717147
1035477122
1035232773
1035232781
1035476760
1035530884
1035415362
1035232776
1033985659
1034719328
1034642338
1034366957
1035417801
1035526207
1035417752
1034337113
1033985132
1034421227
1035571583
1035417823
1031910427
1033983008
1033982976
1033928158
1035415063
1034680256
1035540341
1035540271
1034343463
1035558827
1033396887
1035476813
1035414969
1035527179
1035414972
1035529000
1032909038
1034642366
1035414978
1034612203
1032968847
1032966358
1035530991
1035417921
1032842174
1034642374
1035478986
1033977414
1035534417
1035534413
1035418006
1035232819
1035531079
1034147550
1034642389
1035416167
1035536011
1035574709
1035531078
1034664247
1035476809
1035416101
1035415943
1034335879
1035418345
1035169840
1034073035
1035559547
1032959941
1034698739
1034642401
1034698767
1034699141
1034699142
1031909010
1035571588
1035415798
1034642404
1034345701
1035529425
1032944633
1034385288
1035415014
1035479101
1033817671
1035476933
1033619983
1035476867
1034327553
1034664243
1033605398
1034326992
1034327007
1035534415
1034951476
1035794055
1035086339
1035535122
1034072991
1035414956
1034361945
1034088426
1035535863
1035528990
1035535826
1035416537
1033930344
1033974889
1033974834
1035478938
1035478934
1035534021
1035476926
1035415770
1035539177
1035416081
1035534427
1033600744
1035534135
1035534446
1033029950
1034502162
1034087084
1034335227
1035559365
1035559533
1034710761
1035526378
1035559712
1034642456
1034362041
1035559804
1034015750
1033973881
1035559959
1035539628
1034225853
1034642448
1034225832
1035417028
1035535902
1035535892
1034613831
1035418225
1034718846
1032894581
1032948176
1035520117
1035476145
1035556077
1035476151
1034343885
1035528864
1033152990
1034064598
1033152789
1031916818
1032948630
1034531894
1034421239
1031914602
1035415381
1034421182
1035535903
1035535897
1034027618
1035527152
1034665686
1035416128
1035539729
1035416374
1034335211
1035535823
1034666024
1035234113
1035418048
1034421282
1034334273
1035529032
1035558803
1035415068
1031916013
1034664377
1035539677
1034664378
1034131294
1035539758
1034422994
1034421242
1034336994
1035535879
1035415119
1035526270
1035477125
1033433389
1035529359
1033112633
1035417808
1035529357
1035415349
1034422995
1035415357
1035523843
1035540419
1034279907
1035476770
1035574810
1034114973
1035558111
1035476693
1034664388
1035234145
1035529042
1034664392
1035416173
1035416335
1035416561
1035528564
1035417012
1034708763
1035476851
1034335930
1033926678
1034026504
1035558843
1034718440
1035232661
1034699127
1034025880
1035574827
1034665846
1034699128
1035479415
1034361954
1035479413
1032908946
1034718655
1035476687
1035417229
1035417249
1035539157
1035558950
1035529361
1033115445
1035476782
1034718864
1034272187
1035476823
1033017510
1031657444
1033437960
1033438430
1033144170
1033358354
1033438355
1033131071
1033435782
1033180719
1033125338
1033125707
1033124628
1033156147
1033180785
1033178319
1033438609
1033178107
1033177665
1033177584
1033177613
1035793982
1035793983
1033124696
1033177579
1033146329
1033181508
1033125586
1033179223
1033147206
1033126006
1033147999
1033128131
1033132698
1033438251
1033178246
1033178841
1033124281
1033125357
1033178727
1033180921
1033119772
1033178938
1033144769
1033131218
1033177204
1033177678
1033152608
1033152919
1033176974
1033119970
1033130949
1033176973
1033119239
1033176968
1033176846
1033437570
1033177511
1033177558
1033177477
1033144066
1033143306
1033156572
1033156447
1033156016
1033179220
1033146184
1033146072
1033147829
1033128056
1033126854
1033147905
1033148189
1033148141
1033147933
1033147809
1033126796
1033148161
1033360410
1033359953
1033148495
1033126632
1033148424
1033127655
1033148369
1033179099
1033361463
1033143637
1033143533
1033152128
1033152277
1033152300
1033152147
1033152181
1033152228
1033180359
1033152328
1033146008
1033143209
1033142955
1033143036
1033143101
1033358606
1033156879
1033432956
1033183407
1033178230
1033125997
1033146978
1033126889
1033126977
1033126662
1033126755
1033126829
1033127132
1033178196
1033124332
1033125523
1033152574
1033128060
1033130843
1033128180
1033130981
1033147157
1033131091
1033125398
1033125309
1033119537
1033177019
1033199392
1033125001
1033199597
1033199692
1033180269
1033179676
1033179875
1033177055
1033358573
1033177045
1033177115
1033144897
1033119718
1033177585
1033125714
1033181001
1033177872
1033177909
1033177897
1033177940
1033177922
1033147050
1033179028
1033179139
1033179159
1033142467
1033177080
1033142723
1033142644
1033182069
1033182278
1033182444
1033182749
1033148515
1033181527
1033127961
1033147983
1033148038
1033152059
1033126700
1033148084
1033126752
1033152098
1033433113
1033433237
1033433033
1033177112
1033177154
1033177200
1033177097
1033179093
1033181434
1033132462
1033125274
1033124500
1033144124
1033181183
1033433869
1033177385
1033177369
1033177339
1033179484
1033181308
1033179645
1033180768
1033142859
1033178379
1033178342
1033124430
1033178857
1033125013
1033125112
1033124958
1033145947
1033125061
1033178950
1033178628
1033178475
1033176978
1033177972
1033176987
1033176995
1033178589
1033178535
1033129233
1033199471
1033199437
1033199558
1033199618
1033199658
1033183164
1033178142
1033176901
1033123887
1033180146
1033179804
1033178263
1033178695
1033143013
1033143220
1033126028
1033125214
1033125159
1033177028
1033152380
1033176944
1033357287
1033145588
1033145449
1033147651
1033125912
1033125471
1033124113
1033178967
1033178844
1033178875
1033131549
1033199789
1033178817
1033179411
1033181336
1033131356
1033155609
1033179150
1033179081
1033178014
1033358388
1033357328
1033357948
1033357583
1033357789
1033357488
1033177628
1033357878
1033183729
1033146366
1033146140
1033125467
1033183911
1033199733
1033181807
1033179339
1033177673
1033131345
1033131457
1033131571
1033131788
1033131898
1033146291
1033126261
1033146267
1033179952
1033177303
1033146244
1033128528
1033128680
1033128402
1033129016
1033128920
1033128846
1033177500
1033177455
1033177730
1033177769
1033177632
1033130829
1033125909
1033125856
1033147286
1033156267
1033126046
1033126276
1033126338
1033126142
1033126221
1033126433
1033126509
1033126380
1033183235
1033127247
1033127579
1033127360
1033127479
1033127663
1033127903
1033122875
1033119651
1033125925
1033181606
1033124687
1033179344
1033131232
1033143748
1033143868
1033176993
1033153232
1033177032
1033131711
1033176950
1033176969
1033147607
1033147442
1033144994
1033180592
1033199759
1033126042
1033126182
1033126496
1033142340
1033132093
1033199168
1033199240
1033181340
1033181562
1033125636
1033143255
1033125857
1033125765
1033179516
1033179402
1034665993
1034665968
1034666033
1034682805
1034682835
1034682879
1034682891
1034682890
1035789200
1035789211
1034698757
1035241388
1034698745
1034698758
1034698767
1034698766
1034698700
1034698824
1034698818
1034698827
1034698814
1034698875
1034709154
1034709150
1034709142
1034709183
1034717037
1034710883
1034717058
1034717113
1034717101
1034717120
1034717121
1034717237
1034717236
1034717226
1034717325
1034719388
1034719375
1034719368
1034719397
1031688861
1032842174
1032960942
1032960750
1032961256
1034719453
1034719531
1034719510
1034719502
1034719577
1035086440
1033600789
1035086380
1033619983
1035794055
1033709496
1033709698
1034072974
1034089813
1034088966
1034088075
1034666038
1034666022
1034682832
1034682843
1034682777
1034682822
1034682817
1034682848
1034682786
1034682818
1034682850
1034682852
1034682885
1034682875
1034719294
1034698755
1034698756
1035086187
1034698687
1034719343
1034698809
1035259212
1035086119
1034717059
1034717238
1032960634
1032961041
1032959941
1034719451
1034719448
1034719516
1035086394
1033590650
1033619420
1035086348
1033619838
1035086300
1033618355
1033612364
1035086264
1033620001
1035086326
1033645930
1033646086
1031655705
1034089823
1034088658
1034089050
1034666026
1034666034
1034666027
1034682834
1034682773
1034682799
1034682838
1034682826
1034682856
1034682814
1034698707
1034698697
1035259041
1035258996
1034698742
1034698740
1034698708
1034698738
1034698820
1034698815
1034698870
1034698872
1034708795
1033125175
1034708989
1035417516
1034708963
1035417515
1034709078
1034709099
1034709156
1034709140
1034717040
1034717106
1034717095
1034717093
1034717119
1034717189
1034719403
1034719392
1034719401
1034719406
1032960533
1034719447
1034719512
1034719518
1034719508
1034719539
1035086342
1035086343
1033619883
1035086306
1035086304
1033605596
1033618597
1035086266
1035086268
1035086275
1035086294
1033645952
1034088105
1034088229
1034665989
1034665981
1034666036
1034666028
1034682847
1034682839
1034682862
1034682880
1034682886
1034698696
1035258969
1034698741
1034698750
1034698826
1034698822
1034698861
1034698867
1034698853
1031689635
1034708772
1034708819
1034708820
1034708824
1034708924
1034708951
1035417514
1035086088
1034710915
1035086110
1034717231
1034717269
1034336802
1034719404
1034719396
1034719399
1034719435
1034719520
1034719566
1034719580
1035086315
1035086373
1033492006
1035086431
1033492175
1033592154
1033619397
1035086413
1033618819
1035086390
1033620151
1035258901
1035086265
1033645918
1034089885
1034665969
1034666023
1034682859
1034682827
1034682808
1034682854
1034682861
1034682840
1034682781
1034682877
1034682873
1034719253
1034698673
1034698698
1034708801
1033125093
1034708834
1034708838
1034708927
1034708916
1034709033
1034709007
1035086139
1031678381
1031672083
1034719393
1034719408
1032842010
1032952287
1034719454
1034719506
1034719528
1034719567
1035086313
1035086317
1035086360
1035086361
1035086347
1035086393
1035086283
1035086369
1035086333
1033491279
1033592126
1033590548
1033590616
1033592084
1033589776
1033492042
1033493374
1033491064
1033589902
1033491212
1033491234
1033590740
1035086307
1035086303
1033619966
1035086357
1035086355
1035086301
1035258875
1035086321
1033646783
1031657638
1034665988
1034665991
1034665949
1034666035
1034666015
1034682829
1034682858
1034682811
1034682860
1034682844
1034682774
1034682776
1034682874
1034682884
1034682866
1034698674
1034698692
1034719096
1034698662
1034719340
1034719308
1034719220
1034719348
1034698725
1034698704
1034698661
1034698748
1034698729
1035077742
1035077697
1034698749
1031687854
1031688142
1031688608
1031688488
1031688707
1031689777
1033125631
1033124217
1033124291
1033124338
1033124769
1033124851
1033124928
1033124394
1033125033
1033124547
1033124665
1033124458
1033124713
1034708837
1034708833
1031690081
1031647131
1034709102
1035417513
1035417517
1034708994
1034708952
1034709082
1034709037
1031679092
1034709062
1034709088
1034709119
1031689185
1034710910
1034611913
1031650257
1035086083
1035086154
1034717174
1034717163
1034719384
1032841801
1033030072
1033182500
1033592175
1034719452
1034719441
1031645206
1034719509
1034719544
1034719568
1034719100
1034698690
1034698856
1034708867
1034698699
1034708949
1034698798
1034698653
1034719418
1034719428
